{
  "/home/ultravietnamita/TryOuts/aisitegenerator/.eslintrc.js": {
    "path": "/home/ultravietnamita/TryOuts/aisitegenerator/.eslintrc.js",
    "all": true,
    "statementMap": {
      "0": { "start": { "line": 1, "column": 0 }, "end": { "line": 1, "column": 18 } },
      "1": { "start": { "line": 2, "column": 0 }, "end": { "line": 2, "column": 13 } },
      "2": { "start": { "line": 3, "column": 0 }, "end": { "line": 3, "column": 8 } },
      "3": { "start": { "line": 4, "column": 0 }, "end": { "line": 4, "column": 18 } },
      "4": { "start": { "line": 5, "column": 0 }, "end": { "line": 5, "column": 17 } },
      "5": { "start": { "line": 6, "column": 0 }, "end": { "line": 6, "column": 15 } },
      "6": { "start": { "line": 7, "column": 0 }, "end": { "line": 7, "column": 4 } },
      "7": { "start": { "line": 8, "column": 0 }, "end": { "line": 8, "column": 12 } },
      "8": { "start": { "line": 9, "column": 0 }, "end": { "line": 9, "column": 25 } },
      "9": { "start": { "line": 10, "column": 0 }, "end": { "line": 10, "column": 37 } },
      "10": { "start": { "line": 11, "column": 0 }, "end": { "line": 11, "column": 31 } },
      "11": { "start": { "line": 12, "column": 0 }, "end": { "line": 12, "column": 37 } },
      "12": { "start": { "line": 13, "column": 0 }, "end": { "line": 13, "column": 34 } },
      "13": { "start": { "line": 14, "column": 0 }, "end": { "line": 14, "column": 32 } },
      "14": { "start": { "line": 15, "column": 0 }, "end": { "line": 15, "column": 31 } },
      "15": { "start": { "line": 16, "column": 0 }, "end": { "line": 16, "column": 57 } },
      "16": { "start": { "line": 17, "column": 0 }, "end": { "line": 17, "column": 4 } },
      "17": { "start": { "line": 18, "column": 0 }, "end": { "line": 18, "column": 38 } },
      "18": { "start": { "line": 19, "column": 0 }, "end": { "line": 19, "column": 18 } },
      "19": { "start": { "line": 20, "column": 0 }, "end": { "line": 20, "column": 19 } },
      "20": { "start": { "line": 21, "column": 0 }, "end": { "line": 21, "column": 16 } },
      "21": { "start": { "line": 22, "column": 0 }, "end": { "line": 22, "column": 6 } },
      "22": { "start": { "line": 23, "column": 0 }, "end": { "line": 23, "column": 26 } },
      "23": { "start": { "line": 24, "column": 0 }, "end": { "line": 24, "column": 25 } },
      "24": { "start": { "line": 25, "column": 0 }, "end": { "line": 25, "column": 4 } },
      "25": { "start": { "line": 26, "column": 0 }, "end": { "line": 26, "column": 12 } },
      "26": { "start": { "line": 27, "column": 0 }, "end": { "line": 27, "column": 25 } },
      "27": { "start": { "line": 28, "column": 0 }, "end": { "line": 28, "column": 12 } },
      "28": { "start": { "line": 29, "column": 0 }, "end": { "line": 29, "column": 18 } },
      "29": { "start": { "line": 30, "column": 0 }, "end": { "line": 30, "column": 15 } },
      "30": { "start": { "line": 31, "column": 0 }, "end": { "line": 31, "column": 13 } },
      "31": { "start": { "line": 32, "column": 0 }, "end": { "line": 32, "column": 4 } },
      "32": { "start": { "line": 33, "column": 0 }, "end": { "line": 33, "column": 10 } },
      "33": { "start": { "line": 34, "column": 0 }, "end": { "line": 34, "column": 27 } },
      "34": { "start": { "line": 35, "column": 0 }, "end": { "line": 35, "column": 65 } },
      "35": { "start": { "line": 36, "column": 0 }, "end": { "line": 36, "column": 70 } },
      "36": { "start": { "line": 37, "column": 0 }, "end": { "line": 37, "column": 4 } },
      "37": { "start": { "line": 38, "column": 0 }, "end": { "line": 38, "column": 32 } },
      "38": { "start": { "line": 39, "column": 0 }, "end": { "line": 39, "column": 80 } },
      "39": { "start": { "line": 40, "column": 0 }, "end": { "line": 40, "column": 62 } },
      "40": { "start": { "line": 41, "column": 0 }, "end": { "line": 41, "column": 63 } },
      "41": { "start": { "line": 42, "column": 0 }, "end": { "line": 42, "column": 49 } },
      "42": { "start": { "line": 43, "column": 0 }, "end": { "line": 43, "column": 4 } },
      "43": { "start": { "line": 44, "column": 0 }, "end": { "line": 44, "column": 19 } },
      "44": { "start": { "line": 45, "column": 0 }, "end": { "line": 45, "column": 21 } },
      "45": { "start": { "line": 46, "column": 0 }, "end": { "line": 46, "column": 14 } },
      "46": { "start": { "line": 47, "column": 0 }, "end": { "line": 47, "column": 7 } },
      "47": { "start": { "line": 48, "column": 0 }, "end": { "line": 48, "column": 17 } },
      "48": { "start": { "line": 49, "column": 0 }, "end": { "line": 49, "column": 20 } },
      "49": { "start": { "line": 50, "column": 0 }, "end": { "line": 50, "column": 21 } },
      "50": { "start": { "line": 51, "column": 0 }, "end": { "line": 51, "column": 21 } },
      "51": { "start": { "line": 52, "column": 0 }, "end": { "line": 52, "column": 19 } },
      "52": { "start": { "line": 53, "column": 0 }, "end": { "line": 53, "column": 20 } },
      "53": { "start": { "line": 54, "column": 0 }, "end": { "line": 54, "column": 18 } },
      "54": { "start": { "line": 55, "column": 0 }, "end": { "line": 55, "column": 10 } },
      "55": { "start": { "line": 56, "column": 0 }, "end": { "line": 56, "column": 37 } },
      "56": { "start": { "line": 57, "column": 0 }, "end": { "line": 57, "column": 22 } },
      "57": { "start": { "line": 58, "column": 0 }, "end": { "line": 58, "column": 23 } },
      "58": { "start": { "line": 59, "column": 0 }, "end": { "line": 59, "column": 32 } },
      "59": { "start": { "line": 60, "column": 0 }, "end": { "line": 60, "column": 10 } },
      "60": { "start": { "line": 61, "column": 0 }, "end": { "line": 61, "column": 8 } },
      "61": { "start": { "line": 62, "column": 0 }, "end": { "line": 62, "column": 6 } },
      "62": { "start": { "line": 63, "column": 0 }, "end": { "line": 63, "column": 67 } },
      "63": { "start": { "line": 64, "column": 0 }, "end": { "line": 64, "column": 36 } },
      "64": { "start": { "line": 65, "column": 0 }, "end": { "line": 65, "column": 4 } },
      "65": { "start": { "line": 66, "column": 0 }, "end": { "line": 66, "column": 26 } },
      "66": { "start": { "line": 67, "column": 0 }, "end": { "line": 67, "column": 40 } },
      "67": { "start": { "line": 68, "column": 0 }, "end": { "line": 68, "column": 33 } },
      "68": { "start": { "line": 69, "column": 0 }, "end": { "line": 69, "column": 34 } },
      "69": { "start": { "line": 70, "column": 0 }, "end": { "line": 70, "column": 4 } },
      "70": { "start": { "line": 71, "column": 0 }, "end": { "line": 71, "column": 20 } },
      "71": { "start": { "line": 72, "column": 0 }, "end": { "line": 72, "column": 25 } },
      "72": { "start": { "line": 73, "column": 0 }, "end": { "line": 73, "column": 27 } },
      "73": { "start": { "line": 74, "column": 0 }, "end": { "line": 74, "column": 28 } },
      "74": { "start": { "line": 75, "column": 0 }, "end": { "line": 75, "column": 4 } },
      "75": { "start": { "line": 76, "column": 0 }, "end": { "line": 76, "column": 13 } },
      "76": { "start": { "line": 77, "column": 0 }, "end": { "line": 77, "column": 12 } },
      "77": { "start": { "line": 78, "column": 0 }, "end": { "line": 78, "column": 24 } },
      "78": { "start": { "line": 79, "column": 0 }, "end": { "line": 79, "column": 6 } },
      "79": { "start": { "line": 80, "column": 0 }, "end": { "line": 80, "column": 24 } },
      "80": { "start": { "line": 81, "column": 0 }, "end": { "line": 81, "column": 23 } },
      "81": { "start": { "line": 82, "column": 0 }, "end": { "line": 82, "column": 17 } },
      "82": { "start": { "line": 83, "column": 0 }, "end": { "line": 83, "column": 6 } },
      "83": { "start": { "line": 84, "column": 0 }, "end": { "line": 84, "column": 4 } },
      "84": { "start": { "line": 85, "column": 0 }, "end": { "line": 85, "column": 19 } },
      "85": { "start": { "line": 86, "column": 0 }, "end": { "line": 86, "column": 11 } },
      "86": { "start": { "line": 87, "column": 0 }, "end": { "line": 87, "column": 12 } },
      "87": { "start": { "line": 88, "column": 0 }, "end": { "line": 88, "column": 19 } },
      "88": { "start": { "line": 89, "column": 0 }, "end": { "line": 89, "column": 18 } },
      "89": { "start": { "line": 90, "column": 0 }, "end": { "line": 90, "column": 18 } },
      "90": { "start": { "line": 91, "column": 0 }, "end": { "line": 91, "column": 4 } },
      "91": { "start": { "line": 92, "column": 0 }, "end": { "line": 92, "column": 2 } }
    },
    "s": {
      "0": 0,
      "1": 0,
      "2": 0,
      "3": 0,
      "4": 0,
      "5": 0,
      "6": 0,
      "7": 0,
      "8": 0,
      "9": 0,
      "10": 0,
      "11": 0,
      "12": 0,
      "13": 0,
      "14": 0,
      "15": 0,
      "16": 0,
      "17": 0,
      "18": 0,
      "19": 0,
      "20": 0,
      "21": 0,
      "22": 0,
      "23": 0,
      "24": 0,
      "25": 0,
      "26": 0,
      "27": 0,
      "28": 0,
      "29": 0,
      "30": 0,
      "31": 0,
      "32": 0,
      "33": 0,
      "34": 0,
      "35": 0,
      "36": 0,
      "37": 0,
      "38": 0,
      "39": 0,
      "40": 0,
      "41": 0,
      "42": 0,
      "43": 0,
      "44": 0,
      "45": 0,
      "46": 0,
      "47": 0,
      "48": 0,
      "49": 0,
      "50": 0,
      "51": 0,
      "52": 0,
      "53": 0,
      "54": 0,
      "55": 0,
      "56": 0,
      "57": 0,
      "58": 0,
      "59": 0,
      "60": 0,
      "61": 0,
      "62": 0,
      "63": 0,
      "64": 0,
      "65": 0,
      "66": 0,
      "67": 0,
      "68": 0,
      "69": 0,
      "70": 0,
      "71": 0,
      "72": 0,
      "73": 0,
      "74": 0,
      "75": 0,
      "76": 0,
      "77": 0,
      "78": 0,
      "79": 0,
      "80": 0,
      "81": 0,
      "82": 0,
      "83": 0,
      "84": 0,
      "85": 0,
      "86": 0,
      "87": 0,
      "88": 0,
      "89": 0,
      "90": 0,
      "91": 0
    },
    "branchMap": {
      "0": {
        "type": "branch",
        "line": 1,
        "loc": { "start": { "line": 1, "column": 0 }, "end": { "line": 92, "column": 2 } },
        "locations": [{ "start": { "line": 1, "column": 0 }, "end": { "line": 92, "column": 2 } }]
      }
    },
    "b": { "0": [0] },
    "fnMap": {
      "0": {
        "name": "(empty-report)",
        "decl": { "start": { "line": 1, "column": 0 }, "end": { "line": 92, "column": 2 } },
        "loc": { "start": { "line": 1, "column": 0 }, "end": { "line": 92, "column": 2 } },
        "line": 1
      }
    },
    "f": { "0": 0 }
  },
  "/home/ultravietnamita/TryOuts/aisitegenerator/server/proxy.js": {
    "path": "/home/ultravietnamita/TryOuts/aisitegenerator/server/proxy.js",
    "all": true,
    "statementMap": {
      "0": { "start": { "line": 1, "column": 0 }, "end": { "line": 1, "column": 30 } },
      "1": { "start": { "line": 2, "column": 0 }, "end": { "line": 2, "column": 24 } },
      "2": { "start": { "line": 3, "column": 0 }, "end": { "line": 3, "column": 59 } },
      "3": { "start": { "line": 4, "column": 0 }, "end": { "line": 4, "column": 0 } },
      "4": { "start": { "line": 5, "column": 0 }, "end": { "line": 5, "column": 64 } },
      "5": { "start": { "line": 6, "column": 0 }, "end": { "line": 6, "column": 28 } },
      "6": { "start": { "line": 7, "column": 0 }, "end": { "line": 7, "column": 79 } },
      "7": { "start": { "line": 8, "column": 0 }, "end": { "line": 8, "column": 0 } },
      "8": { "start": { "line": 9, "column": 0 }, "end": { "line": 9, "column": 15 } },
      "9": { "start": { "line": 10, "column": 0 }, "end": { "line": 10, "column": 85 } },
      "10": { "start": { "line": 11, "column": 0 }, "end": { "line": 11, "column": 1 } },
      "11": { "start": { "line": 12, "column": 0 }, "end": { "line": 12, "column": 0 } },
      "12": { "start": { "line": 13, "column": 0 }, "end": { "line": 13, "column": 22 } },
      "13": { "start": { "line": 14, "column": 0 }, "end": { "line": 14, "column": 16 } },
      "14": { "start": { "line": 15, "column": 0 }, "end": { "line": 15, "column": 40 } },
      "15": { "start": { "line": 16, "column": 0 }, "end": { "line": 16, "column": 0 } },
      "16": { "start": { "line": 17, "column": 0 }, "end": { "line": 17, "column": 30 } },
      "17": { "start": { "line": 18, "column": 0 }, "end": { "line": 18, "column": 18 } },
      "18": { "start": { "line": 19, "column": 0 }, "end": { "line": 19, "column": 44 } },
      "19": { "start": { "line": 20, "column": 0 }, "end": { "line": 20, "column": 29 } },
      "20": { "start": { "line": 21, "column": 0 }, "end": { "line": 21, "column": 46 } },
      "21": { "start": { "line": 22, "column": 0 }, "end": { "line": 22, "column": 70 } },
      "22": { "start": { "line": 23, "column": 0 }, "end": { "line": 23, "column": 3 } },
      "23": { "start": { "line": 24, "column": 0 }, "end": { "line": 24, "column": 47 } },
      "24": { "start": { "line": 25, "column": 0 }, "end": { "line": 25, "column": 42 } },
      "25": { "start": { "line": 26, "column": 0 }, "end": { "line": 26, "column": 58 } },
      "26": { "start": { "line": 27, "column": 0 }, "end": { "line": 27, "column": 3 } },
      "27": { "start": { "line": 28, "column": 0 }, "end": { "line": 28, "column": 14 } },
      "28": { "start": { "line": 29, "column": 0 }, "end": { "line": 29, "column": 1 } },
      "29": { "start": { "line": 30, "column": 0 }, "end": { "line": 30, "column": 0 } },
      "30": { "start": { "line": 31, "column": 0 }, "end": { "line": 31, "column": 36 } },
      "31": { "start": { "line": 32, "column": 0 }, "end": { "line": 32, "column": 57 } },
      "32": { "start": { "line": 33, "column": 0 }, "end": { "line": 33, "column": 68 } },
      "33": { "start": { "line": 34, "column": 0 }, "end": { "line": 34, "column": 76 } },
      "34": { "start": { "line": 35, "column": 0 }, "end": { "line": 35, "column": 1 } },
      "35": { "start": { "line": 36, "column": 0 }, "end": { "line": 36, "column": 0 } },
      "36": { "start": { "line": 37, "column": 0 }, "end": { "line": 37, "column": 55 } },
      "37": { "start": { "line": 38, "column": 0 }, "end": { "line": 38, "column": 7 } },
      "38": { "start": { "line": 39, "column": 0 }, "end": { "line": 39, "column": 70 } },
      "39": { "start": { "line": 40, "column": 0 }, "end": { "line": 40, "column": 59 } },
      "40": { "start": { "line": 41, "column": 0 }, "end": { "line": 41, "column": 51 } },
      "41": { "start": { "line": 42, "column": 0 }, "end": { "line": 42, "column": 44 } },
      "42": { "start": { "line": 43, "column": 0 }, "end": { "line": 43, "column": 67 } },
      "43": { "start": { "line": 44, "column": 0 }, "end": { "line": 44, "column": 42 } },
      "44": { "start": { "line": 45, "column": 0 }, "end": { "line": 45, "column": 69 } },
      "45": { "start": { "line": 46, "column": 0 }, "end": { "line": 46, "column": 6 } },
      "46": { "start": { "line": 47, "column": 0 }, "end": { "line": 47, "column": 40 } },
      "47": { "start": { "line": 48, "column": 0 }, "end": { "line": 48, "column": 21 } },
      "48": { "start": { "line": 49, "column": 0 }, "end": { "line": 49, "column": 11 } },
      "49": { "start": { "line": 50, "column": 0 }, "end": { "line": 50, "column": 80 } },
      "50": { "start": { "line": 51, "column": 0 }, "end": { "line": 51, "column": 7 } },
      "51": { "start": { "line": 52, "column": 0 }, "end": { "line": 52, "column": 17 } },
      "52": { "start": { "line": 53, "column": 0 }, "end": { "line": 53, "column": 38 } },
      "53": { "start": { "line": 54, "column": 0 }, "end": { "line": 54, "column": 54 } },
      "54": { "start": { "line": 55, "column": 0 }, "end": { "line": 55, "column": 40 } },
      "55": { "start": { "line": 56, "column": 0 }, "end": { "line": 56, "column": 3 } },
      "56": { "start": { "line": 57, "column": 0 }, "end": { "line": 57, "column": 3 } },
      "57": { "start": { "line": 58, "column": 0 }, "end": { "line": 58, "column": 0 } },
      "58": { "start": { "line": 59, "column": 0 }, "end": { "line": 59, "column": 53 } },
      "59": { "start": { "line": 60, "column": 0 }, "end": { "line": 60, "column": 7 } },
      "60": { "start": { "line": 61, "column": 0 }, "end": { "line": 61, "column": 70 } },
      "61": { "start": { "line": 62, "column": 0 }, "end": { "line": 62, "column": 59 } },
      "62": { "start": { "line": 63, "column": 0 }, "end": { "line": 63, "column": 51 } },
      "63": { "start": { "line": 64, "column": 0 }, "end": { "line": 64, "column": 44 } },
      "64": { "start": { "line": 65, "column": 0 }, "end": { "line": 65, "column": 67 } },
      "65": { "start": { "line": 66, "column": 0 }, "end": { "line": 66, "column": 63 } },
      "66": { "start": { "line": 67, "column": 0 }, "end": { "line": 67, "column": 50 } },
      "67": { "start": { "line": 68, "column": 0 }, "end": { "line": 68, "column": 47 } },
      "68": { "start": { "line": 69, "column": 0 }, "end": { "line": 69, "column": 45 } },
      "69": { "start": { "line": 70, "column": 0 }, "end": { "line": 70, "column": 0 } },
      "70": { "start": { "line": 71, "column": 0 }, "end": { "line": 71, "column": 48 } },
      "71": { "start": { "line": 72, "column": 0 }, "end": { "line": 72, "column": 69 } },
      "72": { "start": { "line": 73, "column": 0 }, "end": { "line": 73, "column": 6 } },
      "73": { "start": { "line": 74, "column": 0 }, "end": { "line": 74, "column": 46 } },
      "74": { "start": { "line": 75, "column": 0 }, "end": { "line": 75, "column": 32 } },
      "75": { "start": { "line": 76, "column": 0 }, "end": { "line": 76, "column": 39 } },
      "76": { "start": { "line": 77, "column": 0 }, "end": { "line": 77, "column": 5 } },
      "77": { "start": { "line": 78, "column": 0 }, "end": { "line": 78, "column": 14 } },
      "78": { "start": { "line": 79, "column": 0 }, "end": { "line": 79, "column": 17 } },
      "79": { "start": { "line": 80, "column": 0 }, "end": { "line": 80, "column": 38 } },
      "80": { "start": { "line": 81, "column": 0 }, "end": { "line": 81, "column": 54 } },
      "81": { "start": { "line": 82, "column": 0 }, "end": { "line": 82, "column": 45 } },
      "82": { "start": { "line": 83, "column": 0 }, "end": { "line": 83, "column": 25 } },
      "83": { "start": { "line": 84, "column": 0 }, "end": { "line": 84, "column": 3 } },
      "84": { "start": { "line": 85, "column": 0 }, "end": { "line": 85, "column": 3 } },
      "85": { "start": { "line": 86, "column": 0 }, "end": { "line": 86, "column": 0 } },
      "86": { "start": { "line": 87, "column": 0 }, "end": { "line": 87, "column": 47 } },
      "87": { "start": { "line": 88, "column": 0 }, "end": { "line": 88, "column": 25 } },
      "88": { "start": { "line": 89, "column": 0 }, "end": { "line": 89, "column": 3 } },
      "89": { "start": { "line": 90, "column": 0 }, "end": { "line": 90, "column": 0 } },
      "90": { "start": { "line": 91, "column": 0 }, "end": { "line": 91, "column": 24 } },
      "91": { "start": { "line": 92, "column": 0 }, "end": { "line": 92, "column": 78 } },
      "92": { "start": { "line": 93, "column": 0 }, "end": { "line": 93, "column": 3 } }
    },
    "s": {
      "0": 0,
      "1": 0,
      "2": 0,
      "3": 0,
      "4": 0,
      "5": 0,
      "6": 0,
      "7": 0,
      "8": 0,
      "9": 0,
      "10": 0,
      "11": 0,
      "12": 0,
      "13": 0,
      "14": 0,
      "15": 0,
      "16": 0,
      "17": 0,
      "18": 0,
      "19": 0,
      "20": 0,
      "21": 0,
      "22": 0,
      "23": 0,
      "24": 0,
      "25": 0,
      "26": 0,
      "27": 0,
      "28": 0,
      "29": 0,
      "30": 0,
      "31": 0,
      "32": 0,
      "33": 0,
      "34": 0,
      "35": 0,
      "36": 0,
      "37": 0,
      "38": 0,
      "39": 0,
      "40": 0,
      "41": 0,
      "42": 0,
      "43": 0,
      "44": 0,
      "45": 0,
      "46": 0,
      "47": 0,
      "48": 0,
      "49": 0,
      "50": 0,
      "51": 0,
      "52": 0,
      "53": 0,
      "54": 0,
      "55": 0,
      "56": 0,
      "57": 0,
      "58": 0,
      "59": 0,
      "60": 0,
      "61": 0,
      "62": 0,
      "63": 0,
      "64": 0,
      "65": 0,
      "66": 0,
      "67": 0,
      "68": 0,
      "69": 0,
      "70": 0,
      "71": 0,
      "72": 0,
      "73": 0,
      "74": 0,
      "75": 0,
      "76": 0,
      "77": 0,
      "78": 0,
      "79": 0,
      "80": 0,
      "81": 0,
      "82": 0,
      "83": 0,
      "84": 0,
      "85": 0,
      "86": 0,
      "87": 0,
      "88": 0,
      "89": 0,
      "90": 0,
      "91": 0,
      "92": 0
    },
    "branchMap": {
      "0": {
        "type": "branch",
        "line": 1,
        "loc": { "start": { "line": 1, "column": 0 }, "end": { "line": 93, "column": -315 } },
        "locations": [
          { "start": { "line": 1, "column": 0 }, "end": { "line": 93, "column": -315 } }
        ]
      }
    },
    "b": { "0": [0] },
    "fnMap": {
      "0": {
        "name": "(empty-report)",
        "decl": { "start": { "line": 1, "column": 0 }, "end": { "line": 93, "column": -315 } },
        "loc": { "start": { "line": 1, "column": 0 }, "end": { "line": 93, "column": -315 } },
        "line": 1
      }
    },
    "f": { "0": 0 }
  },
  "/home/ultravietnamita/TryOuts/aisitegenerator/src/App.tsx": {
    "path": "/home/ultravietnamita/TryOuts/aisitegenerator/src/App.tsx",
    "all": true,
    "statementMap": {
      "0": { "start": { "line": 1, "column": 0 }, "end": { "line": 1, "column": 74 } },
      "1": { "start": { "line": 2, "column": 0 }, "end": { "line": 2, "column": 26 } },
      "2": { "start": { "line": 3, "column": 0 }, "end": { "line": 3, "column": 63 } },
      "3": { "start": { "line": 4, "column": 0 }, "end": { "line": 4, "column": 54 } },
      "4": { "start": { "line": 5, "column": 0 }, "end": { "line": 5, "column": 74 } },
      "5": { "start": { "line": 6, "column": 0 }, "end": { "line": 6, "column": 46 } },
      "6": { "start": { "line": 7, "column": 0 }, "end": { "line": 7, "column": 49 } },
      "7": { "start": { "line": 8, "column": 0 }, "end": { "line": 8, "column": 46 } },
      "8": { "start": { "line": 9, "column": 0 }, "end": { "line": 9, "column": 58 } },
      "9": { "start": { "line": 10, "column": 0 }, "end": { "line": 10, "column": 56 } },
      "10": { "start": { "line": 11, "column": 0 }, "end": { "line": 11, "column": 69 } },
      "11": { "start": { "line": 12, "column": 0 }, "end": { "line": 12, "column": 19 } },
      "12": { "start": { "line": 13, "column": 0 }, "end": { "line": 13, "column": 48 } },
      "14": { "start": { "line": 15, "column": 0 }, "end": { "line": 15, "column": 59 } },
      "16": { "start": { "line": 17, "column": 0 }, "end": { "line": 17, "column": 54 } },
      "54": { "start": { "line": 55, "column": 0 }, "end": { "line": 55, "column": 37 } },
      "55": { "start": { "line": 56, "column": 0 }, "end": { "line": 56, "column": 66 } },
      "56": { "start": { "line": 57, "column": 0 }, "end": { "line": 57, "column": 2 } },
      "59": { "start": { "line": 60, "column": 0 }, "end": { "line": 60, "column": 37 } },
      "77": { "start": { "line": 78, "column": 0 }, "end": { "line": 78, "column": 4 } },
      "78": { "start": { "line": 79, "column": 0 }, "end": { "line": 79, "column": 12 } },
      "79": { "start": { "line": 80, "column": 0 }, "end": { "line": 80, "column": 13 } },
      "80": { "start": { "line": 81, "column": 0 }, "end": { "line": 81, "column": 11 } },
      "81": { "start": { "line": 82, "column": 0 }, "end": { "line": 82, "column": 14 } },
      "82": { "start": { "line": 83, "column": 0 }, "end": { "line": 83, "column": 20 } },
      "83": { "start": { "line": 84, "column": 0 }, "end": { "line": 84, "column": 18 } },
      "84": { "start": { "line": 85, "column": 0 }, "end": { "line": 85, "column": 23 } },
      "85": { "start": { "line": 86, "column": 0 }, "end": { "line": 86, "column": 12 } },
      "86": { "start": { "line": 87, "column": 0 }, "end": { "line": 87, "column": 9 } },
      "93": { "start": { "line": 94, "column": 0 }, "end": { "line": 94, "column": 39 } },
      "94": { "start": { "line": 95, "column": 0 }, "end": { "line": 95, "column": 21 } },
      "95": { "start": { "line": 96, "column": 0 }, "end": { "line": 96, "column": 35 } },
      "96": { "start": { "line": 97, "column": 0 }, "end": { "line": 97, "column": 18 } },
      "99": { "start": { "line": 100, "column": 0 }, "end": { "line": 100, "column": 38 } },
      "100": { "start": { "line": 101, "column": 0 }, "end": { "line": 101, "column": 57 } },
      "101": { "start": { "line": 102, "column": 0 }, "end": { "line": 102, "column": 63 } },
      "103": { "start": { "line": 104, "column": 0 }, "end": { "line": 104, "column": 34 } },
      "104": { "start": { "line": 105, "column": 0 }, "end": { "line": 105, "column": 30 } },
      "105": { "start": { "line": 106, "column": 0 }, "end": { "line": 106, "column": 87 } },
      "106": { "start": { "line": 107, "column": 0 }, "end": { "line": 107, "column": 13 } },
      "107": { "start": { "line": 108, "column": 0 }, "end": { "line": 108, "column": 17 } },
      "108": { "start": { "line": 109, "column": 0 }, "end": { "line": 109, "column": 9 } },
      "110": { "start": { "line": 111, "column": 0 }, "end": { "line": 111, "column": 70 } },
      "111": { "start": { "line": 112, "column": 0 }, "end": { "line": 112, "column": 53 } },
      "112": { "start": { "line": 113, "column": 0 }, "end": { "line": 113, "column": 33 } },
      "113": { "start": { "line": 114, "column": 0 }, "end": { "line": 114, "column": 68 } },
      "114": { "start": { "line": 115, "column": 0 }, "end": { "line": 115, "column": 17 } },
      "115": { "start": { "line": 116, "column": 0 }, "end": { "line": 116, "column": 9 } },
      "116": { "start": { "line": 117, "column": 0 }, "end": { "line": 117, "column": 50 } },
      "119": { "start": { "line": 120, "column": 0 }, "end": { "line": 120, "column": 67 } },
      "120": { "start": { "line": 121, "column": 0 }, "end": { "line": 121, "column": 55 } },
      "121": { "start": { "line": 122, "column": 0 }, "end": { "line": 122, "column": 18 } },
      "122": { "start": { "line": 123, "column": 0 }, "end": { "line": 123, "column": 18 } },
      "123": { "start": { "line": 124, "column": 0 }, "end": { "line": 124, "column": 62 } },
      "124": { "start": { "line": 125, "column": 0 }, "end": { "line": 125, "column": 28 } },
      "125": { "start": { "line": 126, "column": 0 }, "end": { "line": 126, "column": 37 } },
      "126": { "start": { "line": 127, "column": 0 }, "end": { "line": 127, "column": 11 } },
      "127": { "start": { "line": 128, "column": 0 }, "end": { "line": 128, "column": 72 } },
      "128": { "start": { "line": 129, "column": 0 }, "end": { "line": 129, "column": 92 } },
      "129": { "start": { "line": 130, "column": 0 }, "end": { "line": 130, "column": 28 } },
      "130": { "start": { "line": 131, "column": 0 }, "end": { "line": 131, "column": 45 } },
      "131": { "start": { "line": 132, "column": 0 }, "end": { "line": 132, "column": 49 } },
      "132": { "start": { "line": 133, "column": 0 }, "end": { "line": 133, "column": 58 } },
      "133": { "start": { "line": 134, "column": 0 }, "end": { "line": 134, "column": 23 } },
      "135": { "start": { "line": 136, "column": 0 }, "end": { "line": 136, "column": 29 } },
      "136": { "start": { "line": 137, "column": 0 }, "end": { "line": 137, "column": 41 } },
      "137": { "start": { "line": 138, "column": 0 }, "end": { "line": 138, "column": 29 } },
      "138": { "start": { "line": 139, "column": 0 }, "end": { "line": 139, "column": 34 } },
      "139": { "start": { "line": 140, "column": 0 }, "end": { "line": 140, "column": 38 } },
      "140": { "start": { "line": 141, "column": 0 }, "end": { "line": 141, "column": 17 } },
      "141": { "start": { "line": 142, "column": 0 }, "end": { "line": 142, "column": 29 } },
      "142": { "start": { "line": 143, "column": 0 }, "end": { "line": 143, "column": 46 } },
      "143": { "start": { "line": 144, "column": 0 }, "end": { "line": 144, "column": 34 } },
      "144": { "start": { "line": 145, "column": 0 }, "end": { "line": 145, "column": 30 } },
      "145": { "start": { "line": 146, "column": 0 }, "end": { "line": 146, "column": 38 } },
      "146": { "start": { "line": 147, "column": 0 }, "end": { "line": 147, "column": 17 } },
      "149": { "start": { "line": 150, "column": 0 }, "end": { "line": 150, "column": 18 } },
      "150": { "start": { "line": 151, "column": 0 }, "end": { "line": 151, "column": 51 } },
      "151": { "start": { "line": 152, "column": 0 }, "end": { "line": 152, "column": 68 } },
      "152": { "start": { "line": 153, "column": 0 }, "end": { "line": 153, "column": 17 } },
      "153": { "start": { "line": 154, "column": 0 }, "end": { "line": 154, "column": 72 } },
      "154": { "start": { "line": 155, "column": 0 }, "end": { "line": 155, "column": 74 } },
      "155": { "start": { "line": 156, "column": 0 }, "end": { "line": 156, "column": 15 } },
      "157": { "start": { "line": 158, "column": 0 }, "end": { "line": 158, "column": 43 } },
      "158": { "start": { "line": 159, "column": 0 }, "end": { "line": 159, "column": 20 } },
      "159": { "start": { "line": 160, "column": 0 }, "end": { "line": 160, "column": 75 } },
      "160": { "start": { "line": 161, "column": 0 }, "end": { "line": 161, "column": 13 } },
      "161": { "start": { "line": 162, "column": 0 }, "end": { "line": 162, "column": 12 } },
      "162": { "start": { "line": 163, "column": 0 }, "end": { "line": 163, "column": 38 } },
      "163": { "start": { "line": 164, "column": 0 }, "end": { "line": 164, "column": 59 } },
      "164": { "start": { "line": 165, "column": 0 }, "end": { "line": 165, "column": 86 } },
      "165": { "start": { "line": 166, "column": 0 }, "end": { "line": 166, "column": 66 } },
      "166": { "start": { "line": 167, "column": 0 }, "end": { "line": 167, "column": 13 } },
      "167": { "start": { "line": 168, "column": 0 }, "end": { "line": 168, "column": 8 } },
      "168": { "start": { "line": 169, "column": 0 }, "end": { "line": 169, "column": 68 } },
      "169": { "start": { "line": 170, "column": 0 }, "end": { "line": 170, "column": 6 } },
      "172": { "start": { "line": 173, "column": 0 }, "end": { "line": 173, "column": 33 } },
      "173": { "start": { "line": 174, "column": 0 }, "end": { "line": 174, "column": 14 } },
      "174": { "start": { "line": 175, "column": 0 }, "end": { "line": 175, "column": 349 } },
      "175": { "start": { "line": 176, "column": 0 }, "end": { "line": 176, "column": 9 } },
      "176": { "start": { "line": 177, "column": 0 }, "end": { "line": 177, "column": 8 } },
      "177": { "start": { "line": 178, "column": 0 }, "end": { "line": 178, "column": 6 } },
      "179": { "start": { "line": 180, "column": 0 }, "end": { "line": 180, "column": 30 } },
      "180": { "start": { "line": 181, "column": 0 }, "end": { "line": 181, "column": 14 } },
      "181": { "start": { "line": 182, "column": 0 }, "end": { "line": 182, "column": 63 } },
      "182": { "start": { "line": 183, "column": 0 }, "end": { "line": 183, "column": 9 } },
      "183": { "start": { "line": 184, "column": 0 }, "end": { "line": 184, "column": 8 } },
      "184": { "start": { "line": 185, "column": 0 }, "end": { "line": 185, "column": 6 } },
      "186": { "start": { "line": 187, "column": 0 }, "end": { "line": 187, "column": 69 } },
      "188": { "start": { "line": 189, "column": 0 }, "end": { "line": 189, "column": 79 } },
      "190": { "start": { "line": 191, "column": 0 }, "end": { "line": 191, "column": 12 } },
      "191": { "start": { "line": 192, "column": 0 }, "end": { "line": 192, "column": 80 } },
      "192": { "start": { "line": 193, "column": 0 }, "end": { "line": 193, "column": 12 } },
      "193": { "start": { "line": 194, "column": 0 }, "end": { "line": 194, "column": 18 } },
      "194": { "start": { "line": 195, "column": 0 }, "end": { "line": 195, "column": 28 } },
      "195": { "start": { "line": 196, "column": 0 }, "end": { "line": 196, "column": 61 } },
      "196": { "start": { "line": 197, "column": 0 }, "end": { "line": 197, "column": 32 } },
      "197": { "start": { "line": 198, "column": 0 }, "end": { "line": 198, "column": 33 } },
      "198": { "start": { "line": 199, "column": 0 }, "end": { "line": 199, "column": 67 } },
      "199": { "start": { "line": 200, "column": 0 }, "end": { "line": 200, "column": 12 } },
      "201": { "start": { "line": 202, "column": 0 }, "end": { "line": 202, "column": 83 } },
      "202": { "start": { "line": 203, "column": 0 }, "end": { "line": 203, "column": 56 } },
      "203": { "start": { "line": 204, "column": 0 }, "end": { "line": 204, "column": 15 } },
      "204": { "start": { "line": 205, "column": 0 }, "end": { "line": 205, "column": 16 } },
      "205": { "start": { "line": 206, "column": 0 }, "end": { "line": 206, "column": 27 } },
      "206": { "start": { "line": 207, "column": 0 }, "end": { "line": 207, "column": 54 } },
      "207": { "start": { "line": 208, "column": 0 }, "end": { "line": 208, "column": 26 } },
      "208": { "start": { "line": 209, "column": 0 }, "end": { "line": 209, "column": 55 } },
      "209": { "start": { "line": 210, "column": 0 }, "end": { "line": 210, "column": 20 } },
      "210": { "start": { "line": 211, "column": 0 }, "end": { "line": 211, "column": 28 } },
      "211": { "start": { "line": 212, "column": 0 }, "end": { "line": 212, "column": 30 } },
      "212": { "start": { "line": 213, "column": 0 }, "end": { "line": 213, "column": 42 } },
      "213": { "start": { "line": 214, "column": 0 }, "end": { "line": 214, "column": 34 } },
      "214": { "start": { "line": 215, "column": 0 }, "end": { "line": 215, "column": 31 } },
      "215": { "start": { "line": 216, "column": 0 }, "end": { "line": 216, "column": 34 } },
      "216": { "start": { "line": 217, "column": 0 }, "end": { "line": 217, "column": 14 } },
      "217": { "start": { "line": 218, "column": 0 }, "end": { "line": 218, "column": 12 } },
      "218": { "start": { "line": 219, "column": 0 }, "end": { "line": 219, "column": 84 } },
      "219": { "start": { "line": 220, "column": 0 }, "end": { "line": 220, "column": 81 } },
      "220": { "start": { "line": 221, "column": 0 }, "end": { "line": 221, "column": 26 } },
      "221": { "start": { "line": 222, "column": 0 }, "end": { "line": 222, "column": 16 } },
      "222": { "start": { "line": 223, "column": 0 }, "end": { "line": 223, "column": 61 } },
      "223": { "start": { "line": 224, "column": 0 }, "end": { "line": 224, "column": 31 } },
      "224": { "start": { "line": 225, "column": 0 }, "end": { "line": 225, "column": 41 } },
      "225": { "start": { "line": 226, "column": 0 }, "end": { "line": 226, "column": 63 } },
      "226": { "start": { "line": 227, "column": 0 }, "end": { "line": 227, "column": 15 } },
      "228": { "start": { "line": 229, "column": 0 }, "end": { "line": 229, "column": 18 } },
      "230": { "start": { "line": 231, "column": 0 }, "end": { "line": 231, "column": 16 } },
      "231": { "start": { "line": 232, "column": 0 }, "end": { "line": 232, "column": 14 } },
      "233": { "start": { "line": 234, "column": 0 }, "end": { "line": 234, "column": 53 } },
      "234": { "start": { "line": 235, "column": 0 }, "end": { "line": 235, "column": 207 } },
      "235": { "start": { "line": 236, "column": 0 }, "end": { "line": 236, "column": 25 } },
      "236": { "start": { "line": 237, "column": 0 }, "end": { "line": 237, "column": 22 } },
      "237": { "start": { "line": 238, "column": 0 }, "end": { "line": 238, "column": 31 } },
      "238": { "start": { "line": 239, "column": 0 }, "end": { "line": 239, "column": 30 } },
      "239": { "start": { "line": 240, "column": 0 }, "end": { "line": 240, "column": 44 } },
      "240": { "start": { "line": 241, "column": 0 }, "end": { "line": 241, "column": 35 } },
      "241": { "start": { "line": 242, "column": 0 }, "end": { "line": 242, "column": 16 } },
      "242": { "start": { "line": 243, "column": 0 }, "end": { "line": 243, "column": 41 } },
      "243": { "start": { "line": 244, "column": 0 }, "end": { "line": 244, "column": 35 } },
      "244": { "start": { "line": 245, "column": 0 }, "end": { "line": 245, "column": 51 } },
      "245": { "start": { "line": 246, "column": 0 }, "end": { "line": 246, "column": 31 } },
      "246": { "start": { "line": 247, "column": 0 }, "end": { "line": 247, "column": 31 } },
      "247": { "start": { "line": 248, "column": 0 }, "end": { "line": 248, "column": 14 } },
      "248": { "start": { "line": 249, "column": 0 }, "end": { "line": 249, "column": 27 } },
      "249": { "start": { "line": 250, "column": 0 }, "end": { "line": 250, "column": 14 } },
      "250": { "start": { "line": 251, "column": 0 }, "end": { "line": 251, "column": 12 } },
      "252": { "start": { "line": 253, "column": 0 }, "end": { "line": 253, "column": 3 } },
      "253": { "start": { "line": 254, "column": 0 }, "end": { "line": 254, "column": 2 } },
      "255": { "start": { "line": 256, "column": 0 }, "end": { "line": 256, "column": 50 } },
      "257": { "start": { "line": 258, "column": 0 }, "end": { "line": 258, "column": 16 } },
      "258": { "start": { "line": 259, "column": 0 }, "end": { "line": 259, "column": 31 } },
      "259": { "start": { "line": 260, "column": 0 }, "end": { "line": 260, "column": 83 } },
      "260": { "start": { "line": 261, "column": 0 }, "end": { "line": 261, "column": 76 } },
      "263": { "start": { "line": 264, "column": 0 }, "end": { "line": 264, "column": 68 } },
      "264": { "start": { "line": 265, "column": 0 }, "end": { "line": 265, "column": 37 } },
      "266": { "start": { "line": 267, "column": 0 }, "end": { "line": 267, "column": 27 } },
      "267": { "start": { "line": 268, "column": 0 }, "end": { "line": 268, "column": 19 } },
      "268": { "start": { "line": 269, "column": 0 }, "end": { "line": 269, "column": 23 } },
      "269": { "start": { "line": 270, "column": 0 }, "end": { "line": 270, "column": 11 } },
      "270": { "start": { "line": 271, "column": 0 }, "end": { "line": 271, "column": 29 } },
      "272": { "start": { "line": 273, "column": 0 }, "end": { "line": 273, "column": 59 } },
      "273": { "start": { "line": 274, "column": 0 }, "end": { "line": 274, "column": 34 } },
      "274": { "start": { "line": 275, "column": 0 }, "end": { "line": 275, "column": 26 } },
      "275": { "start": { "line": 276, "column": 0 }, "end": { "line": 276, "column": 55 } },
      "276": { "start": { "line": 277, "column": 0 }, "end": { "line": 277, "column": 5 } },
      "277": { "start": { "line": 278, "column": 0 }, "end": { "line": 278, "column": 38 } },
      "278": { "start": { "line": 279, "column": 0 }, "end": { "line": 279, "column": 9 } },
      "281": { "start": { "line": 282, "column": 0 }, "end": { "line": 282, "column": 61 } },
      "282": { "start": { "line": 283, "column": 0 }, "end": { "line": 283, "column": 61 } },
      "284": { "start": { "line": 285, "column": 0 }, "end": { "line": 285, "column": 53 } },
      "285": { "start": { "line": 286, "column": 0 }, "end": { "line": 286, "column": 58 } },
      "286": { "start": { "line": 287, "column": 0 }, "end": { "line": 287, "column": 68 } },
      "287": { "start": { "line": 288, "column": 0 }, "end": { "line": 288, "column": 49 } },
      "288": { "start": { "line": 289, "column": 0 }, "end": { "line": 289, "column": 68 } },
      "289": { "start": { "line": 290, "column": 0 }, "end": { "line": 290, "column": 54 } },
      "290": { "start": { "line": 291, "column": 0 }, "end": { "line": 291, "column": 62 } },
      "291": { "start": { "line": 292, "column": 0 }, "end": { "line": 292, "column": 19 } },
      "292": { "start": { "line": 293, "column": 0 }, "end": { "line": 293, "column": 41 } },
      "293": { "start": { "line": 294, "column": 0 }, "end": { "line": 294, "column": 45 } },
      "294": { "start": { "line": 295, "column": 0 }, "end": { "line": 295, "column": 6 } },
      "295": { "start": { "line": 296, "column": 0 }, "end": { "line": 296, "column": 46 } },
      "296": { "start": { "line": 297, "column": 0 }, "end": { "line": 297, "column": 62 } },
      "297": { "start": { "line": 298, "column": 0 }, "end": { "line": 298, "column": 9 } },
      "299": { "start": { "line": 300, "column": 0 }, "end": { "line": 300, "column": 39 } },
      "300": { "start": { "line": 301, "column": 0 }, "end": { "line": 301, "column": 32 } },
      "301": { "start": { "line": 302, "column": 0 }, "end": { "line": 302, "column": 48 } },
      "302": { "start": { "line": 303, "column": 0 }, "end": { "line": 303, "column": 68 } },
      "303": { "start": { "line": 304, "column": 0 }, "end": { "line": 304, "column": 31 } },
      "304": { "start": { "line": 305, "column": 0 }, "end": { "line": 305, "column": 7 } },
      "305": { "start": { "line": 306, "column": 0 }, "end": { "line": 306, "column": 5 } },
      "306": { "start": { "line": 307, "column": 0 }, "end": { "line": 307, "column": 14 } },
      "307": { "start": { "line": 308, "column": 0 }, "end": { "line": 308, "column": 23 } },
      "309": { "start": { "line": 310, "column": 0 }, "end": { "line": 310, "column": 61 } },
      "310": { "start": { "line": 311, "column": 0 }, "end": { "line": 311, "column": 53 } },
      "312": { "start": { "line": 313, "column": 0 }, "end": { "line": 313, "column": 42 } },
      "313": { "start": { "line": 314, "column": 0 }, "end": { "line": 314, "column": 41 } },
      "315": { "start": { "line": 316, "column": 0 }, "end": { "line": 316, "column": 41 } },
      "316": { "start": { "line": 317, "column": 0 }, "end": { "line": 317, "column": 43 } },
      "317": { "start": { "line": 318, "column": 0 }, "end": { "line": 318, "column": 23 } },
      "318": { "start": { "line": 319, "column": 0 }, "end": { "line": 319, "column": 31 } },
      "319": { "start": { "line": 320, "column": 0 }, "end": { "line": 320, "column": 7 } },
      "320": { "start": { "line": 321, "column": 0 }, "end": { "line": 321, "column": 6 } },
      "321": { "start": { "line": 322, "column": 0 }, "end": { "line": 322, "column": 36 } },
      "322": { "start": { "line": 323, "column": 0 }, "end": { "line": 323, "column": 4 } },
      "325": { "start": { "line": 326, "column": 0 }, "end": { "line": 326, "column": 19 } },
      "326": { "start": { "line": 327, "column": 0 }, "end": { "line": 327, "column": 25 } },
      "327": { "start": { "line": 328, "column": 0 }, "end": { "line": 328, "column": 39 } },
      "328": { "start": { "line": 329, "column": 0 }, "end": { "line": 329, "column": 21 } },
      "329": { "start": { "line": 330, "column": 0 }, "end": { "line": 330, "column": 5 } },
      "330": { "start": { "line": 331, "column": 0 }, "end": { "line": 331, "column": 14 } },
      "333": { "start": { "line": 334, "column": 0 }, "end": { "line": 334, "column": 19 } },
      "334": { "start": { "line": 335, "column": 0 }, "end": { "line": 335, "column": 39 } },
      "335": { "start": { "line": 336, "column": 0 }, "end": { "line": 336, "column": 76 } },
      "336": { "start": { "line": 337, "column": 0 }, "end": { "line": 337, "column": 54 } },
      "337": { "start": { "line": 338, "column": 0 }, "end": { "line": 338, "column": 21 } },
      "338": { "start": { "line": 339, "column": 0 }, "end": { "line": 339, "column": 36 } },
      "339": { "start": { "line": 340, "column": 0 }, "end": { "line": 340, "column": 34 } },
      "340": { "start": { "line": 341, "column": 0 }, "end": { "line": 341, "column": 18 } },
      "341": { "start": { "line": 342, "column": 0 }, "end": { "line": 342, "column": 35 } },
      "342": { "start": { "line": 343, "column": 0 }, "end": { "line": 343, "column": 52 } },
      "343": { "start": { "line": 344, "column": 0 }, "end": { "line": 344, "column": 38 } },
      "344": { "start": { "line": 345, "column": 0 }, "end": { "line": 345, "column": 7 } },
      "345": { "start": { "line": 346, "column": 0 }, "end": { "line": 346, "column": 6 } },
      "346": { "start": { "line": 347, "column": 0 }, "end": { "line": 347, "column": 40 } },
      "349": { "start": { "line": 350, "column": 0 }, "end": { "line": 350, "column": 19 } },
      "350": { "start": { "line": 351, "column": 0 }, "end": { "line": 351, "column": 59 } },
      "351": { "start": { "line": 352, "column": 0 }, "end": { "line": 352, "column": 63 } },
      "352": { "start": { "line": 353, "column": 0 }, "end": { "line": 353, "column": 28 } },
      "353": { "start": { "line": 354, "column": 0 }, "end": { "line": 354, "column": 70 } },
      "354": { "start": { "line": 355, "column": 0 }, "end": { "line": 355, "column": 42 } },
      "355": { "start": { "line": 356, "column": 0 }, "end": { "line": 356, "column": 5 } },
      "356": { "start": { "line": 357, "column": 0 }, "end": { "line": 357, "column": 34 } },
      "359": { "start": { "line": 360, "column": 0 }, "end": { "line": 360, "column": 19 } },
      "360": { "start": { "line": 361, "column": 0 }, "end": { "line": 361, "column": 25 } },
      "361": { "start": { "line": 362, "column": 0 }, "end": { "line": 362, "column": 22 } },
      "362": { "start": { "line": 363, "column": 0 }, "end": { "line": 363, "column": 39 } },
      "363": { "start": { "line": 364, "column": 0 }, "end": { "line": 364, "column": 19 } },
      "364": { "start": { "line": 365, "column": 0 }, "end": { "line": 365, "column": 19 } },
      "365": { "start": { "line": 366, "column": 0 }, "end": { "line": 366, "column": 13 } },
      "366": { "start": { "line": 367, "column": 0 }, "end": { "line": 367, "column": 40 } },
      "367": { "start": { "line": 368, "column": 0 }, "end": { "line": 368, "column": 28 } },
      "369": { "start": { "line": 370, "column": 0 }, "end": { "line": 370, "column": 36 } },
      "370": { "start": { "line": 371, "column": 0 }, "end": { "line": 371, "column": 65 } },
      "371": { "start": { "line": 372, "column": 0 }, "end": { "line": 372, "column": 34 } },
      "372": { "start": { "line": 373, "column": 0 }, "end": { "line": 373, "column": 4 } },
      "373": { "start": { "line": 374, "column": 0 }, "end": { "line": 374, "column": 19 } },
      "374": { "start": { "line": 375, "column": 0 }, "end": { "line": 375, "column": 44 } },
      "375": { "start": { "line": 376, "column": 0 }, "end": { "line": 376, "column": 14 } },
      "377": { "start": { "line": 378, "column": 0 }, "end": { "line": 378, "column": 36 } },
      "378": { "start": { "line": 379, "column": 0 }, "end": { "line": 379, "column": 64 } },
      "379": { "start": { "line": 380, "column": 0 }, "end": { "line": 380, "column": 57 } },
      "380": { "start": { "line": 381, "column": 0 }, "end": { "line": 381, "column": 29 } },
      "381": { "start": { "line": 382, "column": 0 }, "end": { "line": 382, "column": 19 } },
      "382": { "start": { "line": 383, "column": 0 }, "end": { "line": 383, "column": 32 } },
      "383": { "start": { "line": 384, "column": 0 }, "end": { "line": 384, "column": 27 } },
      "384": { "start": { "line": 385, "column": 0 }, "end": { "line": 385, "column": 4 } },
      "387": { "start": { "line": 388, "column": 0 }, "end": { "line": 388, "column": 45 } },
      "388": { "start": { "line": 389, "column": 0 }, "end": { "line": 389, "column": 19 } },
      "389": { "start": { "line": 390, "column": 0 }, "end": { "line": 390, "column": 41 } },
      "390": { "start": { "line": 391, "column": 0 }, "end": { "line": 391, "column": 23 } },
      "393": { "start": { "line": 394, "column": 0 }, "end": { "line": 394, "column": 41 } },
      "394": { "start": { "line": 395, "column": 0 }, "end": { "line": 395, "column": 51 } },
      "395": { "start": { "line": 396, "column": 0 }, "end": { "line": 396, "column": 100 } },
      "396": { "start": { "line": 397, "column": 0 }, "end": { "line": 397, "column": 6 } },
      "397": { "start": { "line": 398, "column": 0 }, "end": { "line": 398, "column": 60 } },
      "398": { "start": { "line": 399, "column": 0 }, "end": { "line": 399, "column": 18 } },
      "399": { "start": { "line": 400, "column": 0 }, "end": { "line": 400, "column": 52 } },
      "400": { "start": { "line": 401, "column": 0 }, "end": { "line": 401, "column": 62 } },
      "401": { "start": { "line": 402, "column": 0 }, "end": { "line": 402, "column": 23 } },
      "403": { "start": { "line": 404, "column": 0 }, "end": { "line": 404, "column": 10 } },
      "404": { "start": { "line": 405, "column": 0 }, "end": { "line": 405, "column": 25 } },
      "405": { "start": { "line": 406, "column": 0 }, "end": { "line": 406, "column": 49 } },
      "406": { "start": { "line": 407, "column": 0 }, "end": { "line": 407, "column": 37 } },
      "407": { "start": { "line": 408, "column": 0 }, "end": { "line": 408, "column": 40 } },
      "408": { "start": { "line": 409, "column": 0 }, "end": { "line": 409, "column": 40 } },
      "409": { "start": { "line": 410, "column": 0 }, "end": { "line": 410, "column": 38 } },
      "410": { "start": { "line": 411, "column": 0 }, "end": { "line": 411, "column": 90 } },
      "411": { "start": { "line": 412, "column": 0 }, "end": { "line": 412, "column": 16 } },
      "412": { "start": { "line": 413, "column": 0 }, "end": { "line": 413, "column": 39 } },
      "413": { "start": { "line": 414, "column": 0 }, "end": { "line": 414, "column": 26 } },
      "414": { "start": { "line": 415, "column": 0 }, "end": { "line": 415, "column": 62 } },
      "415": { "start": { "line": 416, "column": 0 }, "end": { "line": 416, "column": 21 } },
      "416": { "start": { "line": 417, "column": 0 }, "end": { "line": 417, "column": 55 } },
      "417": { "start": { "line": 418, "column": 0 }, "end": { "line": 418, "column": 51 } },
      "418": { "start": { "line": 419, "column": 0 }, "end": { "line": 419, "column": 61 } },
      "419": { "start": { "line": 420, "column": 0 }, "end": { "line": 420, "column": 15 } },
      "421": { "start": { "line": 422, "column": 0 }, "end": { "line": 422, "column": 23 } },
      "422": { "start": { "line": 423, "column": 0 }, "end": { "line": 423, "column": 18 } },
      "423": { "start": { "line": 424, "column": 0 }, "end": { "line": 424, "column": 16 } },
      "424": { "start": { "line": 425, "column": 0 }, "end": { "line": 425, "column": 14 } },
      "425": { "start": { "line": 426, "column": 0 }, "end": { "line": 426, "column": 15 } },
      "427": { "start": { "line": 428, "column": 0 }, "end": { "line": 428, "column": 33 } },
      "428": { "start": { "line": 429, "column": 0 }, "end": { "line": 429, "column": 35 } },
      "429": { "start": { "line": 430, "column": 0 }, "end": { "line": 430, "column": 38 } },
      "430": { "start": { "line": 431, "column": 0 }, "end": { "line": 431, "column": 40 } },
      "431": { "start": { "line": 432, "column": 0 }, "end": { "line": 432, "column": 21 } },
      "432": { "start": { "line": 433, "column": 0 }, "end": { "line": 433, "column": 80 } },
      "433": { "start": { "line": 434, "column": 0 }, "end": { "line": 434, "column": 52 } },
      "434": { "start": { "line": 435, "column": 0 }, "end": { "line": 435, "column": 15 } },
      "436": { "start": { "line": 437, "column": 0 }, "end": { "line": 437, "column": 23 } },
      "437": { "start": { "line": 438, "column": 0 }, "end": { "line": 438, "column": 21 } },
      "438": { "start": { "line": 439, "column": 0 }, "end": { "line": 439, "column": 82 } },
      "439": { "start": { "line": 440, "column": 0 }, "end": { "line": 440, "column": 54 } },
      "440": { "start": { "line": 441, "column": 0 }, "end": { "line": 441, "column": 15 } },
      "442": { "start": { "line": 443, "column": 0 }, "end": { "line": 443, "column": 23 } },
      "443": { "start": { "line": 444, "column": 0 }, "end": { "line": 444, "column": 21 } },
      "444": { "start": { "line": 445, "column": 0 }, "end": { "line": 445, "column": 82 } },
      "445": { "start": { "line": 446, "column": 0 }, "end": { "line": 446, "column": 54 } },
      "446": { "start": { "line": 447, "column": 0 }, "end": { "line": 447, "column": 43 } },
      "447": { "start": { "line": 448, "column": 0 }, "end": { "line": 448, "column": 15 } },
      "449": { "start": { "line": 450, "column": 0 }, "end": { "line": 450, "column": 23 } },
      "450": { "start": { "line": 451, "column": 0 }, "end": { "line": 451, "column": 18 } },
      "452": { "start": { "line": 453, "column": 0 }, "end": { "line": 453, "column": 43 } },
      "453": { "start": { "line": 454, "column": 0 }, "end": { "line": 454, "column": 40 } },
      "454": { "start": { "line": 455, "column": 0 }, "end": { "line": 455, "column": 98 } },
      "455": { "start": { "line": 456, "column": 0 }, "end": { "line": 456, "column": 79 } },
      "456": { "start": { "line": 457, "column": 0 }, "end": { "line": 457, "column": 27 } },
      "457": { "start": { "line": 458, "column": 0 }, "end": { "line": 458, "column": 61 } },
      "458": { "start": { "line": 459, "column": 0 }, "end": { "line": 459, "column": 53 } },
      "459": { "start": { "line": 460, "column": 0 }, "end": { "line": 460, "column": 56 } },
      "460": { "start": { "line": 461, "column": 0 }, "end": { "line": 461, "column": 21 } },
      "462": { "start": { "line": 463, "column": 0 }, "end": { "line": 463, "column": 29 } },
      "463": { "start": { "line": 464, "column": 0 }, "end": { "line": 464, "column": 24 } },
      "464": { "start": { "line": 465, "column": 0 }, "end": { "line": 465, "column": 57 } },
      "465": { "start": { "line": 466, "column": 0 }, "end": { "line": 466, "column": 37 } },
      "466": { "start": { "line": 467, "column": 0 }, "end": { "line": 467, "column": 39 } },
      "467": { "start": { "line": 468, "column": 0 }, "end": { "line": 468, "column": 41 } },
      "468": { "start": { "line": 469, "column": 0 }, "end": { "line": 469, "column": 37 } },
      "469": { "start": { "line": 470, "column": 0 }, "end": { "line": 470, "column": 43 } },
      "470": { "start": { "line": 471, "column": 0 }, "end": { "line": 471, "column": 59 } },
      "471": { "start": { "line": 472, "column": 0 }, "end": { "line": 472, "column": 51 } },
      "472": { "start": { "line": 473, "column": 0 }, "end": { "line": 473, "column": 54 } },
      "473": { "start": { "line": 474, "column": 0 }, "end": { "line": 474, "column": 47 } },
      "474": { "start": { "line": 475, "column": 0 }, "end": { "line": 475, "column": 22 } },
      "475": { "start": { "line": 476, "column": 0 }, "end": { "line": 476, "column": 24 } },
      "476": { "start": { "line": 477, "column": 0 }, "end": { "line": 477, "column": 22 } },
      "479": { "start": { "line": 480, "column": 0 }, "end": { "line": 480, "column": 42 } },
      "480": { "start": { "line": 481, "column": 0 }, "end": { "line": 481, "column": 48 } },
      "481": { "start": { "line": 482, "column": 0 }, "end": { "line": 482, "column": 49 } },
      "482": { "start": { "line": 483, "column": 0 }, "end": { "line": 483, "column": 43 } },
      "483": { "start": { "line": 484, "column": 0 }, "end": { "line": 484, "column": 38 } },
      "484": { "start": { "line": 485, "column": 0 }, "end": { "line": 485, "column": 26 } },
      "485": { "start": { "line": 486, "column": 0 }, "end": { "line": 486, "column": 32 } },
      "486": { "start": { "line": 487, "column": 0 }, "end": { "line": 487, "column": 48 } },
      "487": { "start": { "line": 488, "column": 0 }, "end": { "line": 488, "column": 43 } },
      "488": { "start": { "line": 489, "column": 0 }, "end": { "line": 489, "column": 54 } },
      "489": { "start": { "line": 490, "column": 0 }, "end": { "line": 490, "column": 42 } },
      "490": { "start": { "line": 491, "column": 0 }, "end": { "line": 491, "column": 46 } },
      "491": { "start": { "line": 492, "column": 0 }, "end": { "line": 492, "column": 39 } },
      "492": { "start": { "line": 493, "column": 0 }, "end": { "line": 493, "column": 42 } },
      "493": { "start": { "line": 494, "column": 0 }, "end": { "line": 494, "column": 33 } },
      "494": { "start": { "line": 495, "column": 0 }, "end": { "line": 495, "column": 47 } },
      "495": { "start": { "line": 496, "column": 0 }, "end": { "line": 496, "column": 26 } },
      "497": { "start": { "line": 498, "column": 0 }, "end": { "line": 498, "column": 60 } },
      "498": { "start": { "line": 499, "column": 0 }, "end": { "line": 499, "column": 31 } },
      "499": { "start": { "line": 500, "column": 0 }, "end": { "line": 500, "column": 65 } },
      "500": { "start": { "line": 501, "column": 0 }, "end": { "line": 501, "column": 68 } },
      "501": { "start": { "line": 502, "column": 0 }, "end": { "line": 502, "column": 69 } },
      "502": { "start": { "line": 503, "column": 0 }, "end": { "line": 503, "column": 25 } },
      "504": { "start": { "line": 505, "column": 0 }, "end": { "line": 505, "column": 33 } },
      "505": { "start": { "line": 506, "column": 0 }, "end": { "line": 506, "column": 31 } },
      "506": { "start": { "line": 507, "column": 0 }, "end": { "line": 507, "column": 65 } },
      "507": { "start": { "line": 508, "column": 0 }, "end": { "line": 508, "column": 42 } },
      "508": { "start": { "line": 509, "column": 0 }, "end": { "line": 509, "column": 55 } },
      "509": { "start": { "line": 510, "column": 0 }, "end": { "line": 510, "column": 60 } },
      "510": { "start": { "line": 511, "column": 0 }, "end": { "line": 511, "column": 43 } },
      "511": { "start": { "line": 512, "column": 0 }, "end": { "line": 512, "column": 28 } },
      "512": { "start": { "line": 513, "column": 0 }, "end": { "line": 513, "column": 71 } },
      "513": { "start": { "line": 514, "column": 0 }, "end": { "line": 514, "column": 51 } },
      "514": { "start": { "line": 515, "column": 0 }, "end": { "line": 515, "column": 25 } },
      "516": { "start": { "line": 517, "column": 0 }, "end": { "line": 517, "column": 33 } },
      "517": { "start": { "line": 518, "column": 0 }, "end": { "line": 518, "column": 31 } },
      "518": { "start": { "line": 519, "column": 0 }, "end": { "line": 519, "column": 65 } },
      "519": { "start": { "line": 520, "column": 0 }, "end": { "line": 520, "column": 64 } },
      "520": { "start": { "line": 521, "column": 0 }, "end": { "line": 521, "column": 41 } },
      "521": { "start": { "line": 522, "column": 0 }, "end": { "line": 522, "column": 25 } },
      "523": { "start": { "line": 524, "column": 0 }, "end": { "line": 524, "column": 33 } },
      "524": { "start": { "line": 525, "column": 0 }, "end": { "line": 525, "column": 28 } },
      "526": { "start": { "line": 527, "column": 0 }, "end": { "line": 527, "column": 49 } },
      "527": { "start": { "line": 528, "column": 0 }, "end": { "line": 528, "column": 54 } },
      "528": { "start": { "line": 529, "column": 0 }, "end": { "line": 529, "column": 31 } },
      "529": { "start": { "line": 530, "column": 0 }, "end": { "line": 530, "column": 63 } },
      "530": { "start": { "line": 531, "column": 0 }, "end": { "line": 531, "column": 64 } },
      "531": { "start": { "line": 532, "column": 0 }, "end": { "line": 532, "column": 25 } },
      "533": { "start": { "line": 534, "column": 0 }, "end": { "line": 534, "column": 33 } },
      "534": { "start": { "line": 535, "column": 0 }, "end": { "line": 535, "column": 28 } },
      "536": { "start": { "line": 537, "column": 0 }, "end": { "line": 537, "column": 88 } },
      "537": { "start": { "line": 538, "column": 0 }, "end": { "line": 538, "column": 99 } },
      "539": { "start": { "line": 540, "column": 0 }, "end": { "line": 540, "column": 31 } },
      "540": { "start": { "line": 541, "column": 0 }, "end": { "line": 541, "column": 99 } },
      "542": { "start": { "line": 543, "column": 0 }, "end": { "line": 543, "column": 31 } },
      "543": { "start": { "line": 544, "column": 0 }, "end": { "line": 544, "column": 26 } },
      "544": { "start": { "line": 545, "column": 0 }, "end": { "line": 545, "column": 24 } },
      "545": { "start": { "line": 546, "column": 0 }, "end": { "line": 546, "column": 27 } },
      "546": { "start": { "line": 547, "column": 0 }, "end": { "line": 547, "column": 41 } },
      "547": { "start": { "line": 548, "column": 0 }, "end": { "line": 548, "column": 38 } },
      "548": { "start": { "line": 549, "column": 0 }, "end": { "line": 549, "column": 55 } },
      "549": { "start": { "line": 550, "column": 0 }, "end": { "line": 550, "column": 22 } },
      "550": { "start": { "line": 551, "column": 0 }, "end": { "line": 551, "column": 68 } },
      "551": { "start": { "line": 552, "column": 0 }, "end": { "line": 552, "column": 46 } },
      "552": { "start": { "line": 553, "column": 0 }, "end": { "line": 553, "column": 20 } },
      "553": { "start": { "line": 554, "column": 0 }, "end": { "line": 554, "column": 22 } },
      "556": { "start": { "line": 557, "column": 0 }, "end": { "line": 557, "column": 42 } },
      "557": { "start": { "line": 558, "column": 0 }, "end": { "line": 558, "column": 34 } },
      "558": { "start": { "line": 559, "column": 0 }, "end": { "line": 559, "column": 41 } },
      "559": { "start": { "line": 560, "column": 0 }, "end": { "line": 560, "column": 50 } },
      "560": { "start": { "line": 561, "column": 0 }, "end": { "line": 561, "column": 62 } },
      "561": { "start": { "line": 562, "column": 0 }, "end": { "line": 562, "column": 20 } },
      "562": { "start": { "line": 563, "column": 0 }, "end": { "line": 563, "column": 18 } },
      "564": { "start": { "line": 565, "column": 0 }, "end": { "line": 565, "column": 18 } },
      "565": { "start": { "line": 566, "column": 0 }, "end": { "line": 566, "column": 16 } },
      "567": { "start": { "line": 568, "column": 0 }, "end": { "line": 568, "column": 39 } },
      "568": { "start": { "line": 569, "column": 0 }, "end": { "line": 569, "column": 45 } },
      "569": { "start": { "line": 570, "column": 0 }, "end": { "line": 570, "column": 53 } },
      "570": { "start": { "line": 571, "column": 0 }, "end": { "line": 571, "column": 18 } },
      "571": { "start": { "line": 572, "column": 0 }, "end": { "line": 572, "column": 16 } },
      "572": { "start": { "line": 573, "column": 0 }, "end": { "line": 573, "column": 14 } },
      "574": { "start": { "line": 575, "column": 0 }, "end": { "line": 575, "column": 25 } },
      "575": { "start": { "line": 576, "column": 0 }, "end": { "line": 576, "column": 27 } },
      "576": { "start": { "line": 577, "column": 0 }, "end": { "line": 577, "column": 46 } },
      "577": { "start": { "line": 578, "column": 0 }, "end": { "line": 578, "column": 53 } },
      "578": { "start": { "line": 579, "column": 0 }, "end": { "line": 579, "column": 53 } },
      "579": { "start": { "line": 580, "column": 0 }, "end": { "line": 580, "column": 10 } },
      "581": { "start": { "line": 582, "column": 0 }, "end": { "line": 582, "column": 31 } },
      "582": { "start": { "line": 583, "column": 0 }, "end": { "line": 583, "column": 14 } },
      "583": { "start": { "line": 584, "column": 0 }, "end": { "line": 584, "column": 25 } },
      "584": { "start": { "line": 585, "column": 0 }, "end": { "line": 585, "column": 29 } },
      "585": { "start": { "line": 586, "column": 0 }, "end": { "line": 586, "column": 20 } },
      "586": { "start": { "line": 587, "column": 0 }, "end": { "line": 587, "column": 32 } },
      "587": { "start": { "line": 588, "column": 0 }, "end": { "line": 588, "column": 23 } },
      "588": { "start": { "line": 589, "column": 0 }, "end": { "line": 589, "column": 44 } },
      "589": { "start": { "line": 590, "column": 0 }, "end": { "line": 590, "column": 30 } },
      "590": { "start": { "line": 591, "column": 0 }, "end": { "line": 591, "column": 35 } },
      "591": { "start": { "line": 592, "column": 0 }, "end": { "line": 592, "column": 39 } },
      "592": { "start": { "line": 593, "column": 0 }, "end": { "line": 593, "column": 25 } },
      "593": { "start": { "line": 594, "column": 0 }, "end": { "line": 594, "column": 14 } },
      "595": { "start": { "line": 596, "column": 0 }, "end": { "line": 596, "column": 16 } },
      "596": { "start": { "line": 597, "column": 0 }, "end": { "line": 597, "column": 22 } },
      "597": { "start": { "line": 598, "column": 0 }, "end": { "line": 598, "column": 36 } },
      "598": { "start": { "line": 599, "column": 0 }, "end": { "line": 599, "column": 28 } },
      "599": { "start": { "line": 600, "column": 0 }, "end": { "line": 600, "column": 32 } },
      "600": { "start": { "line": 601, "column": 0 }, "end": { "line": 601, "column": 31 } },
      "601": { "start": { "line": 602, "column": 0 }, "end": { "line": 602, "column": 29 } },
      "602": { "start": { "line": 603, "column": 0 }, "end": { "line": 603, "column": 16 } },
      "604": { "start": { "line": 605, "column": 0 }, "end": { "line": 605, "column": 18 } },
      "605": { "start": { "line": 606, "column": 0 }, "end": { "line": 606, "column": 98 } },
      "607": { "start": { "line": 608, "column": 0 }, "end": { "line": 608, "column": 63 } },
      "608": { "start": { "line": 609, "column": 0 }, "end": { "line": 609, "column": 23 } },
      "609": { "start": { "line": 610, "column": 0 }, "end": { "line": 610, "column": 57 } },
      "610": { "start": { "line": 611, "column": 0 }, "end": { "line": 611, "column": 61 } },
      "611": { "start": { "line": 612, "column": 0 }, "end": { "line": 612, "column": 17 } },
      "613": { "start": { "line": 614, "column": 0 }, "end": { "line": 614, "column": 25 } },
      "614": { "start": { "line": 615, "column": 0 }, "end": { "line": 615, "column": 20 } },
      "615": { "start": { "line": 616, "column": 0 }, "end": { "line": 616, "column": 18 } },
      "616": { "start": { "line": 617, "column": 0 }, "end": { "line": 617, "column": 99 } },
      "618": { "start": { "line": 619, "column": 0 }, "end": { "line": 619, "column": 21 } },
      "619": { "start": { "line": 620, "column": 0 }, "end": { "line": 620, "column": 83 } },
      "621": { "start": { "line": 622, "column": 0 }, "end": { "line": 622, "column": 24 } },
      "622": { "start": { "line": 623, "column": 0 }, "end": { "line": 623, "column": 100 } },
      "623": { "start": { "line": 624, "column": 0 }, "end": { "line": 624, "column": 22 } },
      "624": { "start": { "line": 625, "column": 0 }, "end": { "line": 625, "column": 21 } },
      "625": { "start": { "line": 626, "column": 0 }, "end": { "line": 626, "column": 98 } },
      "626": { "start": { "line": 627, "column": 0 }, "end": { "line": 627, "column": 100 } },
      "627": { "start": { "line": 628, "column": 0 }, "end": { "line": 628, "column": 22 } },
      "628": { "start": { "line": 629, "column": 0 }, "end": { "line": 629, "column": 20 } },
      "629": { "start": { "line": 630, "column": 0 }, "end": { "line": 630, "column": 36 } },
      "630": { "start": { "line": 631, "column": 0 }, "end": { "line": 631, "column": 47 } },
      "631": { "start": { "line": 632, "column": 0 }, "end": { "line": 632, "column": 97 } },
      "632": { "start": { "line": 633, "column": 0 }, "end": { "line": 633, "column": 26 } },
      "633": { "start": { "line": 634, "column": 0 }, "end": { "line": 634, "column": 37 } },
      "634": { "start": { "line": 635, "column": 0 }, "end": { "line": 635, "column": 46 } },
      "635": { "start": { "line": 636, "column": 0 }, "end": { "line": 636, "column": 75 } },
      "636": { "start": { "line": 637, "column": 0 }, "end": { "line": 637, "column": 22 } },
      "637": { "start": { "line": 638, "column": 0 }, "end": { "line": 638, "column": 56 } },
      "638": { "start": { "line": 639, "column": 0 }, "end": { "line": 639, "column": 26 } },
      "639": { "start": { "line": 640, "column": 0 }, "end": { "line": 640, "column": 38 } },
      "640": { "start": { "line": 641, "column": 0 }, "end": { "line": 641, "column": 24 } },
      "641": { "start": { "line": 642, "column": 0 }, "end": { "line": 642, "column": 30 } },
      "642": { "start": { "line": 643, "column": 0 }, "end": { "line": 643, "column": 37 } },
      "643": { "start": { "line": 644, "column": 0 }, "end": { "line": 644, "column": 39 } },
      "644": { "start": { "line": 645, "column": 0 }, "end": { "line": 645, "column": 41 } },
      "645": { "start": { "line": 646, "column": 0 }, "end": { "line": 646, "column": 52 } },
      "646": { "start": { "line": 647, "column": 0 }, "end": { "line": 647, "column": 40 } },
      "647": { "start": { "line": 648, "column": 0 }, "end": { "line": 648, "column": 35 } },
      "648": { "start": { "line": 649, "column": 0 }, "end": { "line": 649, "column": 46 } },
      "649": { "start": { "line": 650, "column": 0 }, "end": { "line": 650, "column": 24 } },
      "651": { "start": { "line": 652, "column": 0 }, "end": { "line": 652, "column": 37 } },
      "652": { "start": { "line": 653, "column": 0 }, "end": { "line": 653, "column": 54 } },
      "653": { "start": { "line": 654, "column": 0 }, "end": { "line": 654, "column": 72 } },
      "654": { "start": { "line": 655, "column": 0 }, "end": { "line": 655, "column": 24 } },
      "655": { "start": { "line": 656, "column": 0 }, "end": { "line": 656, "column": 26 } },
      "657": { "start": { "line": 658, "column": 0 }, "end": { "line": 658, "column": 22 } },
      "659": { "start": { "line": 660, "column": 0 }, "end": { "line": 660, "column": 36 } },
      "660": { "start": { "line": 661, "column": 0 }, "end": { "line": 661, "column": 47 } },
      "661": { "start": { "line": 662, "column": 0 }, "end": { "line": 662, "column": 97 } },
      "662": { "start": { "line": 663, "column": 0 }, "end": { "line": 663, "column": 22 } },
      "663": { "start": { "line": 664, "column": 0 }, "end": { "line": 664, "column": 28 } },
      "664": { "start": { "line": 665, "column": 0 }, "end": { "line": 665, "column": 38 } },
      "665": { "start": { "line": 666, "column": 0 }, "end": { "line": 666, "column": 46 } },
      "666": { "start": { "line": 667, "column": 0 }, "end": { "line": 667, "column": 29 } },
      "667": { "start": { "line": 668, "column": 0 }, "end": { "line": 668, "column": 37 } },
      "668": { "start": { "line": 669, "column": 0 }, "end": { "line": 669, "column": 39 } },
      "669": { "start": { "line": 670, "column": 0 }, "end": { "line": 670, "column": 50 } },
      "670": { "start": { "line": 671, "column": 0 }, "end": { "line": 671, "column": 38 } },
      "671": { "start": { "line": 672, "column": 0 }, "end": { "line": 672, "column": 33 } },
      "672": { "start": { "line": 673, "column": 0 }, "end": { "line": 673, "column": 22 } },
      "674": { "start": { "line": 675, "column": 0 }, "end": { "line": 675, "column": 44 } },
      "675": { "start": { "line": 676, "column": 0 }, "end": { "line": 676, "column": 28 } },
      "676": { "start": { "line": 677, "column": 0 }, "end": { "line": 677, "column": 33 } },
      "677": { "start": { "line": 678, "column": 0 }, "end": { "line": 678, "column": 95 } },
      "679": { "start": { "line": 680, "column": 0 }, "end": { "line": 680, "column": 30 } },
      "680": { "start": { "line": 681, "column": 0 }, "end": { "line": 681, "column": 41 } },
      "681": { "start": { "line": 682, "column": 0 }, "end": { "line": 682, "column": 56 } },
      "682": { "start": { "line": 683, "column": 0 }, "end": { "line": 683, "column": 44 } },
      "683": { "start": { "line": 684, "column": 0 }, "end": { "line": 684, "column": 60 } },
      "684": { "start": { "line": 685, "column": 0 }, "end": { "line": 685, "column": 57 } },
      "685": { "start": { "line": 686, "column": 0 }, "end": { "line": 686, "column": 51 } },
      "686": { "start": { "line": 687, "column": 0 }, "end": { "line": 687, "column": 28 } },
      "687": { "start": { "line": 688, "column": 0 }, "end": { "line": 688, "column": 26 } },
      "688": { "start": { "line": 689, "column": 0 }, "end": { "line": 689, "column": 30 } },
      "689": { "start": { "line": 690, "column": 0 }, "end": { "line": 690, "column": 100 } },
      "690": { "start": { "line": 691, "column": 0 }, "end": { "line": 691, "column": 31 } },
      "691": { "start": { "line": 692, "column": 0 }, "end": { "line": 692, "column": 30 } },
      "692": { "start": { "line": 693, "column": 0 }, "end": { "line": 693, "column": 23 } },
      "693": { "start": { "line": 694, "column": 0 }, "end": { "line": 694, "column": 24 } },
      "694": { "start": { "line": 695, "column": 0 }, "end": { "line": 695, "column": 22 } },
      "696": { "start": { "line": 697, "column": 0 }, "end": { "line": 697, "column": 70 } },
      "697": { "start": { "line": 698, "column": 0 }, "end": { "line": 698, "column": 23 } },
      "698": { "start": { "line": 699, "column": 0 }, "end": { "line": 699, "column": 45 } },
      "699": { "start": { "line": 700, "column": 0 }, "end": { "line": 700, "column": 34 } },
      "700": { "start": { "line": 701, "column": 0 }, "end": { "line": 701, "column": 47 } },
      "701": { "start": { "line": 702, "column": 0 }, "end": { "line": 702, "column": 52 } },
      "702": { "start": { "line": 703, "column": 0 }, "end": { "line": 703, "column": 35 } },
      "703": { "start": { "line": 704, "column": 0 }, "end": { "line": 704, "column": 48 } },
      "704": { "start": { "line": 705, "column": 0 }, "end": { "line": 705, "column": 43 } },
      "705": { "start": { "line": 706, "column": 0 }, "end": { "line": 706, "column": 20 } },
      "706": { "start": { "line": 707, "column": 0 }, "end": { "line": 707, "column": 43 } },
      "707": { "start": { "line": 708, "column": 0 }, "end": { "line": 708, "column": 17 } },
      "709": { "start": { "line": 710, "column": 0 }, "end": { "line": 710, "column": 25 } },
      "710": { "start": { "line": 711, "column": 0 }, "end": { "line": 711, "column": 23 } },
      "711": { "start": { "line": 712, "column": 0 }, "end": { "line": 712, "column": 45 } },
      "712": { "start": { "line": 713, "column": 0 }, "end": { "line": 713, "column": 46 } },
      "713": { "start": { "line": 714, "column": 0 }, "end": { "line": 714, "column": 42 } },
      "714": { "start": { "line": 715, "column": 0 }, "end": { "line": 715, "column": 57 } },
      "715": { "start": { "line": 716, "column": 0 }, "end": { "line": 716, "column": 17 } },
      "717": { "start": { "line": 718, "column": 0 }, "end": { "line": 718, "column": 25 } },
      "718": { "start": { "line": 719, "column": 0 }, "end": { "line": 719, "column": 23 } },
      "719": { "start": { "line": 720, "column": 0 }, "end": { "line": 720, "column": 47 } },
      "720": { "start": { "line": 721, "column": 0 }, "end": { "line": 721, "column": 40 } },
      "721": { "start": { "line": 722, "column": 0 }, "end": { "line": 722, "column": 25 } },
      "722": { "start": { "line": 723, "column": 0 }, "end": { "line": 723, "column": 79 } },
      "723": { "start": { "line": 724, "column": 0 }, "end": { "line": 724, "column": 29 } },
      "725": { "start": { "line": 726, "column": 0 }, "end": { "line": 726, "column": 21 } },
      "726": { "start": { "line": 727, "column": 0 }, "end": { "line": 727, "column": 20 } },
      "727": { "start": { "line": 728, "column": 0 }, "end": { "line": 728, "column": 43 } },
      "728": { "start": { "line": 729, "column": 0 }, "end": { "line": 729, "column": 17 } },
      "730": { "start": { "line": 731, "column": 0 }, "end": { "line": 731, "column": 25 } },
      "731": { "start": { "line": 732, "column": 0 }, "end": { "line": 732, "column": 98 } },
      "733": { "start": { "line": 734, "column": 0 }, "end": { "line": 734, "column": 25 } },
      "734": { "start": { "line": 735, "column": 0 }, "end": { "line": 735, "column": 20 } },
      "735": { "start": { "line": 736, "column": 0 }, "end": { "line": 736, "column": 18 } },
      "736": { "start": { "line": 737, "column": 0 }, "end": { "line": 737, "column": 16 } },
      "738": { "start": { "line": 739, "column": 0 }, "end": { "line": 739, "column": 13 } },
      "739": { "start": { "line": 740, "column": 0 }, "end": { "line": 740, "column": 91 } },
      "740": { "start": { "line": 741, "column": 0 }, "end": { "line": 741, "column": 23 } },
      "741": { "start": { "line": 742, "column": 0 }, "end": { "line": 742, "column": 92 } },
      "743": { "start": { "line": 744, "column": 0 }, "end": { "line": 744, "column": 17 } },
      "744": { "start": { "line": 745, "column": 0 }, "end": { "line": 745, "column": 15 } },
      "745": { "start": { "line": 746, "column": 0 }, "end": { "line": 746, "column": 10 } },
      "747": { "start": { "line": 748, "column": 0 }, "end": { "line": 748, "column": 1 } },
      "749": { "start": { "line": 750, "column": 0 }, "end": { "line": 750, "column": 19 } }
    },
    "s": {
      "0": 0,
      "1": 0,
      "2": 0,
      "3": 0,
      "4": 0,
      "5": 0,
      "6": 0,
      "7": 0,
      "8": 0,
      "9": 0,
      "10": 0,
      "11": 0,
      "12": 0,
      "14": 0,
      "16": 0,
      "54": 0,
      "55": 0,
      "56": 0,
      "59": 0,
      "77": 0,
      "78": 0,
      "79": 0,
      "80": 0,
      "81": 0,
      "82": 0,
      "83": 0,
      "84": 0,
      "85": 0,
      "86": 0,
      "93": 0,
      "94": 0,
      "95": 0,
      "96": 0,
      "99": 0,
      "100": 0,
      "101": 0,
      "103": 0,
      "104": 0,
      "105": 0,
      "106": 0,
      "107": 0,
      "108": 0,
      "110": 0,
      "111": 0,
      "112": 0,
      "113": 0,
      "114": 0,
      "115": 0,
      "116": 0,
      "119": 0,
      "120": 0,
      "121": 0,
      "122": 0,
      "123": 0,
      "124": 0,
      "125": 0,
      "126": 0,
      "127": 0,
      "128": 0,
      "129": 0,
      "130": 0,
      "131": 0,
      "132": 0,
      "133": 0,
      "135": 0,
      "136": 0,
      "137": 0,
      "138": 0,
      "139": 0,
      "140": 0,
      "141": 0,
      "142": 0,
      "143": 0,
      "144": 0,
      "145": 0,
      "146": 0,
      "149": 0,
      "150": 0,
      "151": 0,
      "152": 0,
      "153": 0,
      "154": 0,
      "155": 0,
      "157": 0,
      "158": 0,
      "159": 0,
      "160": 0,
      "161": 0,
      "162": 0,
      "163": 0,
      "164": 0,
      "165": 0,
      "166": 0,
      "167": 0,
      "168": 0,
      "169": 0,
      "172": 0,
      "173": 0,
      "174": 0,
      "175": 0,
      "176": 0,
      "177": 0,
      "179": 0,
      "180": 0,
      "181": 0,
      "182": 0,
      "183": 0,
      "184": 0,
      "186": 0,
      "188": 0,
      "190": 0,
      "191": 0,
      "192": 0,
      "193": 0,
      "194": 0,
      "195": 0,
      "196": 0,
      "197": 0,
      "198": 0,
      "199": 0,
      "201": 0,
      "202": 0,
      "203": 0,
      "204": 0,
      "205": 0,
      "206": 0,
      "207": 0,
      "208": 0,
      "209": 0,
      "210": 0,
      "211": 0,
      "212": 0,
      "213": 0,
      "214": 0,
      "215": 0,
      "216": 0,
      "217": 0,
      "218": 0,
      "219": 0,
      "220": 0,
      "221": 0,
      "222": 0,
      "223": 0,
      "224": 0,
      "225": 0,
      "226": 0,
      "228": 0,
      "230": 0,
      "231": 0,
      "233": 0,
      "234": 0,
      "235": 0,
      "236": 0,
      "237": 0,
      "238": 0,
      "239": 0,
      "240": 0,
      "241": 0,
      "242": 0,
      "243": 0,
      "244": 0,
      "245": 0,
      "246": 0,
      "247": 0,
      "248": 0,
      "249": 0,
      "250": 0,
      "252": 0,
      "253": 0,
      "255": 0,
      "257": 0,
      "258": 0,
      "259": 0,
      "260": 0,
      "263": 0,
      "264": 0,
      "266": 0,
      "267": 0,
      "268": 0,
      "269": 0,
      "270": 0,
      "272": 0,
      "273": 0,
      "274": 0,
      "275": 0,
      "276": 0,
      "277": 0,
      "278": 0,
      "281": 0,
      "282": 0,
      "284": 0,
      "285": 0,
      "286": 0,
      "287": 0,
      "288": 0,
      "289": 0,
      "290": 0,
      "291": 0,
      "292": 0,
      "293": 0,
[...]
      "10": { "start": { "line": 11, "column": 0 }, "end": { "line": 11, "column": 86 } },
      "11": { "start": { "line": 12, "column": 0 }, "end": { "line": 12, "column": 24 } },
      "12": { "start": { "line": 13, "column": 0 }, "end": { "line": 13, "column": 74 } },
      "13": { "start": { "line": 14, "column": 0 }, "end": { "line": 14, "column": 59 } },
      "16": { "start": { "line": 17, "column": 0 }, "end": { "line": 17, "column": 65 } },
      "17": { "start": { "line": 18, "column": 0 }, "end": { "line": 18, "column": 22 } },
      "18": { "start": { "line": 19, "column": 0 }, "end": { "line": 19, "column": 76 } },
      "19": { "start": { "line": 20, "column": 0 }, "end": { "line": 20, "column": 94 } },
      "20": { "start": { "line": 21, "column": 0 }, "end": { "line": 21, "column": 5 } },
      "23": { "start": { "line": 24, "column": 0 }, "end": { "line": 24, "column": 6 } },
      "24": { "start": { "line": 25, "column": 0 }, "end": { "line": 25, "column": 14 } },
      "25": { "start": { "line": 26, "column": 0 }, "end": { "line": 26, "column": 53 } },
      "26": { "start": { "line": 27, "column": 0 }, "end": { "line": 27, "column": 14 } },
      "27": { "start": { "line": 28, "column": 0 }, "end": { "line": 28, "column": 18 } },
      "28": { "start": { "line": 29, "column": 0 }, "end": { "line": 29, "column": 25 } },
      "29": { "start": { "line": 30, "column": 0 }, "end": { "line": 30, "column": 5 } },
      "30": { "start": { "line": 31, "column": 0 }, "end": { "line": 31, "column": 78 } },
      "31": { "start": { "line": 32, "column": 0 }, "end": { "line": 32, "column": 3 } },
      "34": { "start": { "line": 35, "column": 0 }, "end": { "line": 35, "column": 64 } },
      "35": { "start": { "line": 36, "column": 0 }, "end": { "line": 36, "column": 77 } },
      "36": { "start": { "line": 37, "column": 0 }, "end": { "line": 37, "column": 37 } },
      "37": { "start": { "line": 38, "column": 0 }, "end": { "line": 38, "column": 40 } },
      "38": { "start": { "line": 39, "column": 0 }, "end": { "line": 39, "column": 43 } },
      "41": { "start": { "line": 42, "column": 0 }, "end": { "line": 42, "column": 66 } },
      "42": { "start": { "line": 43, "column": 0 }, "end": { "line": 43, "column": 75 } },
      "43": { "start": { "line": 44, "column": 0 }, "end": { "line": 44, "column": 3 } }
    },
    "s": {
      "0": 0,
      "3": 0,
      "4": 0,
      "7": 0,
      "10": 0,
      "11": 0,
      "12": 0,
      "13": 0,
      "16": 0,
      "17": 0,
      "18": 0,
      "19": 0,
      "20": 0,
      "23": 0,
      "24": 0,
      "25": 0,
      "26": 0,
      "27": 0,
      "28": 0,
      "29": 0,
      "30": 0,
      "31": 0,
      "34": 0,
      "35": 0,
      "36": 0,
      "37": 0,
      "38": 0,
      "41": 0,
      "42": 0,
      "43": 0
    },
    "branchMap": {
      "0": {
        "type": "branch",
        "line": 1,
        "loc": { "start": { "line": 1, "column": 1904 }, "end": { "line": 44, "column": 3 } },
        "locations": [
          { "start": { "line": 1, "column": 1904 }, "end": { "line": 44, "column": 3 } }
        ]
      }
    },
    "b": { "0": [0] },
    "fnMap": {
      "0": {
        "name": "(empty-report)",
        "decl": { "start": { "line": 1, "column": 1904 }, "end": { "line": 44, "column": 3 } },
        "loc": { "start": { "line": 1, "column": 1904 }, "end": { "line": 44, "column": 3 } },
        "line": 1
      }
    },
    "f": { "0": 0 }
  },
  "/home/ultravietnamita/TryOuts/aisitegenerator/tests/e2e/user-journey.spec.ts": {
    "path": "/home/ultravietnamita/TryOuts/aisitegenerator/tests/e2e/user-journey.spec.ts",
    "all": true,
    "statementMap": {
      "0": { "start": { "line": 1, "column": 0 }, "end": { "line": 1, "column": 3 } },
      "5": { "start": { "line": 6, "column": 0 }, "end": { "line": 6, "column": 54 } },
      "7": { "start": { "line": 8, "column": 0 }, "end": { "line": 8, "column": 46 } },
      "8": { "start": { "line": 9, "column": 0 }, "end": { "line": 9, "column": 39 } },
      "10": { "start": { "line": 11, "column": 0 }, "end": { "line": 11, "column": 25 } },
      "11": { "start": { "line": 12, "column": 0 }, "end": { "line": 12, "column": 5 } },
      "13": { "start": { "line": 14, "column": 0 }, "end": { "line": 14, "column": 82 } },
      "15": { "start": { "line": 16, "column": 0 }, "end": { "line": 16, "column": 56 } },
      "18": { "start": { "line": 19, "column": 0 }, "end": { "line": 19, "column": 68 } },
      "21": { "start": { "line": 22, "column": 0 }, "end": { "line": 22, "column": 42 } },
      "24": { "start": { "line": 25, "column": 0 }, "end": { "line": 25, "column": 82 } },
      "25": { "start": { "line": 26, "column": 0 }, "end": { "line": 26, "column": 45 } },
      "26": { "start": { "line": 27, "column": 0 }, "end": { "line": 27, "column": 5 } },
      "30": { "start": { "line": 31, "column": 0 }, "end": { "line": 31, "column": 70 } },
      "31": { "start": { "line": 32, "column": 0 }, "end": { "line": 32, "column": 38 } },
      "32": { "start": { "line": 33, "column": 0 }, "end": { "line": 33, "column": 80 } },
      "34": { "start": { "line": 35, "column": 0 }, "end": { "line": 35, "column": 77 } },
      "35": { "start": { "line": 36, "column": 0 }, "end": { "line": 36, "column": 35 } },
      "39": { "start": { "line": 40, "column": 0 }, "end": { "line": 40, "column": 85 } },
      "42": { "start": { "line": 43, "column": 0 }, "end": { "line": 43, "column": 62 } },
      "43": { "start": { "line": 44, "column": 0 }, "end": { "line": 44, "column": 47 } },
      "46": { "start": { "line": 47, "column": 0 }, "end": { "line": 47, "column": 73 } },
      "47": { "start": { "line": 48, "column": 0 }, "end": { "line": 48, "column": 43 } },
      "48": { "start": { "line": 49, "column": 0 }, "end": { "line": 49, "column": 35 } },
      "49": { "start": { "line": 50, "column": 0 }, "end": { "line": 50, "column": 65 } },
      "50": { "start": { "line": 51, "column": 0 }, "end": { "line": 51, "column": 7 } },
      "51": { "start": { "line": 52, "column": 0 }, "end": { "line": 52, "column": 5 } },
      "52": { "start": { "line": 53, "column": 0 }, "end": { "line": 53, "column": 5 } },
      "54": { "start": { "line": 55, "column": 0 }, "end": { "line": 55, "column": 79 } },
      "56": { "start": { "line": 57, "column": 0 }, "end": { "line": 57, "column": 42 } },
      "58": { "start": { "line": 59, "column": 0 }, "end": { "line": 59, "column": 70 } },
      "59": { "start": { "line": 60, "column": 0 }, "end": { "line": 60, "column": 38 } },
      "60": { "start": { "line": 61, "column": 0 }, "end": { "line": 61, "column": 47 } },
      "62": { "start": { "line": 63, "column": 0 }, "end": { "line": 63, "column": 77 } },
      "63": { "start": { "line": 64, "column": 0 }, "end": { "line": 64, "column": 35 } },
      "66": { "start": { "line": 67, "column": 0 }, "end": { "line": 67, "column": 70 } },
      "67": { "start": { "line": 68, "column": 0 }, "end": { "line": 68, "column": 5 } },
      "69": { "start": { "line": 70, "column": 0 }, "end": { "line": 70, "column": 43 } },
      "70": { "start": { "line": 71, "column": 0 }, "end": { "line": 71, "column": 5 } },
      "72": { "start": { "line": 73, "column": 0 }, "end": { "line": 73, "column": 92 } },
      "74": { "start": { "line": 75, "column": 0 }, "end": { "line": 75, "column": 37 } },
      "77": { "start": { "line": 78, "column": 0 }, "end": { "line": 78, "column": 50 } },
      "78": { "start": { "line": 79, "column": 0 }, "end": { "line": 79, "column": 47 } },
      "81": { "start": { "line": 82, "column": 0 }, "end": { "line": 82, "column": 79 } },
      "82": { "start": { "line": 83, "column": 0 }, "end": { "line": 83, "column": 37 } },
      "83": { "start": { "line": 84, "column": 0 }, "end": { "line": 84, "column": 29 } },
      "85": { "start": { "line": 86, "column": 0 }, "end": { "line": 86, "column": 49 } },
      "86": { "start": { "line": 87, "column": 0 }, "end": { "line": 87, "column": 46 } },
      "87": { "start": { "line": 88, "column": 0 }, "end": { "line": 88, "column": 5 } },
      "90": { "start": { "line": 91, "column": 0 }, "end": { "line": 91, "column": 64 } },
      "91": { "start": { "line": 92, "column": 0 }, "end": { "line": 92, "column": 44 } },
      "94": { "start": { "line": 95, "column": 0 }, "end": { "line": 95, "column": 70 } },
      "95": { "start": { "line": 96, "column": 0 }, "end": { "line": 96, "column": 38 } },
      "96": { "start": { "line": 97, "column": 0 }, "end": { "line": 97, "column": 60 } },
      "97": { "start": { "line": 98, "column": 0 }, "end": { "line": 98, "column": 5 } },
      "98": { "start": { "line": 99, "column": 0 }, "end": { "line": 99, "column": 5 } },
      "100": { "start": { "line": 101, "column": 0 }, "end": { "line": 101, "column": 77 } },
      "102": { "start": { "line": 103, "column": 0 }, "end": { "line": 103, "column": 61 } },
      "104": { "start": { "line": 105, "column": 0 }, "end": { "line": 105, "column": 48 } },
      "105": { "start": { "line": 106, "column": 0 }, "end": { "line": 106, "column": 36 } },
      "106": { "start": { "line": 107, "column": 0 }, "end": { "line": 107, "column": 42 } },
      "107": { "start": { "line": 108, "column": 0 }, "end": { "line": 108, "column": 5 } },
      "110": { "start": { "line": 111, "column": 0 }, "end": { "line": 111, "column": 60 } },
      "113": { "start": { "line": 114, "column": 0 }, "end": { "line": 114, "column": 63 } },
      "114": { "start": { "line": 115, "column": 0 }, "end": { "line": 115, "column": 39 } },
      "115": { "start": { "line": 116, "column": 0 }, "end": { "line": 116, "column": 31 } },
      "117": { "start": { "line": 118, "column": 0 }, "end": { "line": 118, "column": 69 } },
      "118": { "start": { "line": 119, "column": 0 }, "end": { "line": 119, "column": 51 } },
      "119": { "start": { "line": 120, "column": 0 }, "end": { "line": 120, "column": 5 } },
      "122": { "start": { "line": 123, "column": 0 }, "end": { "line": 123, "column": 61 } },
      "125": { "start": { "line": 126, "column": 0 }, "end": { "line": 126, "column": 47 } },
      "126": { "start": { "line": 127, "column": 0 }, "end": { "line": 127, "column": 44 } },
      "127": { "start": { "line": 128, "column": 0 }, "end": { "line": 128, "column": 5 } },
      "129": { "start": { "line": 130, "column": 0 }, "end": { "line": 130, "column": 77 } },
      "130": { "start": { "line": 131, "column": 0 }, "end": { "line": 131, "column": 33 } },
      "132": { "start": { "line": 133, "column": 0 }, "end": { "line": 133, "column": 25 } },
      "135": { "start": { "line": 136, "column": 0 }, "end": { "line": 136, "column": 47 } },
      "137": { "start": { "line": 138, "column": 0 }, "end": { "line": 138, "column": 44 } },
      "140": { "start": { "line": 141, "column": 0 }, "end": { "line": 141, "column": 40 } },
      "143": { "start": { "line": 144, "column": 0 }, "end": { "line": 144, "column": 70 } },
      "144": { "start": { "line": 145, "column": 0 }, "end": { "line": 145, "column": 38 } },
      "145": { "start": { "line": 146, "column": 0 }, "end": { "line": 146, "column": 42 } },
      "147": { "start": { "line": 148, "column": 0 }, "end": { "line": 148, "column": 41 } },
      "149": { "start": { "line": 150, "column": 0 }, "end": { "line": 150, "column": 60 } },
      "152": { "start": { "line": 153, "column": 0 }, "end": { "line": 153, "column": 48 } },
      "153": { "start": { "line": 154, "column": 0 }, "end": { "line": 154, "column": 5 } },
      "154": { "start": { "line": 155, "column": 0 }, "end": { "line": 155, "column": 5 } },
      "156": { "start": { "line": 157, "column": 0 }, "end": { "line": 157, "column": 81 } },
      "157": { "start": { "line": 158, "column": 0 }, "end": { "line": 158, "column": 70 } },
      "158": { "start": { "line": 159, "column": 0 }, "end": { "line": 159, "column": 38 } },
      "160": { "start": { "line": 161, "column": 0 }, "end": { "line": 161, "column": 57 } },
      "163": { "start": { "line": 164, "column": 0 }, "end": { "line": 164, "column": 52 } },
      "164": { "start": { "line": 165, "column": 0 }, "end": { "line": 165, "column": 70 } },
      "165": { "start": { "line": 166, "column": 0 }, "end": { "line": 166, "column": 9 } },
      "168": { "start": { "line": 169, "column": 0 }, "end": { "line": 169, "column": 23 } },
      "169": { "start": { "line": 170, "column": 0 }, "end": { "line": 170, "column": 58 } },
      "172": { "start": { "line": 173, "column": 0 }, "end": { "line": 173, "column": 28 } },
      "174": { "start": { "line": 175, "column": 0 }, "end": { "line": 175, "column": 74 } },
      "175": { "start": { "line": 176, "column": 0 }, "end": { "line": 176, "column": 7 } },
      "176": { "start": { "line": 177, "column": 0 }, "end": { "line": 177, "column": 5 } },
      "177": { "start": { "line": 178, "column": 0 }, "end": { "line": 178, "column": 5 } },
      "179": { "start": { "line": 180, "column": 0 }, "end": { "line": 180, "column": 82 } },
      "180": { "start": { "line": 181, "column": 0 }, "end": { "line": 181, "column": 9 } },
      "181": { "start": { "line": 182, "column": 0 }, "end": { "line": 182, "column": 16 } },
      "182": { "start": { "line": 183, "column": 0 }, "end": { "line": 183, "column": 9 } },
      "184": { "start": { "line": 185, "column": 0 }, "end": { "line": 185, "column": 45 } },
      "186": { "start": { "line": 187, "column": 0 }, "end": { "line": 187, "column": 56 } },
      "189": { "start": { "line": 190, "column": 0 }, "end": { "line": 190, "column": 38 } },
      "190": { "start": { "line": 191, "column": 0 }, "end": { "line": 191, "column": 55 } },
      "191": { "start": { "line": 192, "column": 0 }, "end": { "line": 192, "column": 49 } },
      "192": { "start": { "line": 193, "column": 0 }, "end": { "line": 193, "column": 7 } },
      "194": { "start": { "line": 195, "column": 0 }, "end": { "line": 195, "column": 39 } },
      "197": { "start": { "line": 198, "column": 0 }, "end": { "line": 198, "column": 51 } },
      "198": { "start": { "line": 199, "column": 0 }, "end": { "line": 199, "column": 78 } },
      "199": { "start": { "line": 200, "column": 0 }, "end": { "line": 200, "column": 7 } },
      "201": { "start": { "line": 202, "column": 0 }, "end": { "line": 202, "column": 35 } },
      "202": { "start": { "line": 203, "column": 0 }, "end": { "line": 203, "column": 5 } },
      "203": { "start": { "line": 204, "column": 0 }, "end": { "line": 204, "column": 3 } },
      "208": { "start": { "line": 209, "column": 0 }, "end": { "line": 209, "column": 97 } },
      "209": { "start": { "line": 210, "column": 0 }, "end": { "line": 210, "column": 49 } },
      "210": { "start": { "line": 211, "column": 0 }, "end": { "line": 211, "column": 19 } },
      "211": { "start": { "line": 212, "column": 0 }, "end": { "line": 212, "column": 18 } },
      "212": { "start": { "line": 213, "column": 0 }, "end": { "line": 213, "column": 38 } },
      "213": { "start": { "line": 214, "column": 0 }, "end": { "line": 214, "column": 37 } },
      "214": { "start": { "line": 215, "column": 0 }, "end": { "line": 215, "column": 7 } },
      "215": { "start": { "line": 216, "column": 0 }, "end": { "line": 216, "column": 5 } },
      "216": { "start": { "line": 217, "column": 0 }, "end": { "line": 217, "column": 1 } },
      "221": { "start": { "line": 222, "column": 0 }, "end": { "line": 222, "column": 77 } },
      "222": { "start": { "line": 223, "column": 0 }, "end": { "line": 223, "column": 49 } },
      "223": { "start": { "line": 224, "column": 0 }, "end": { "line": 224, "column": 19 } },
      "224": { "start": { "line": 225, "column": 0 }, "end": { "line": 225, "column": 24 } },
      "225": { "start": { "line": 226, "column": 0 }, "end": { "line": 226, "column": 38 } },
      "226": { "start": { "line": 227, "column": 0 }, "end": { "line": 227, "column": 69 } },
      "227": { "start": { "line": 228, "column": 0 }, "end": { "line": 228, "column": 7 } },
      "228": { "start": { "line": 229, "column": 0 }, "end": { "line": 229, "column": 5 } },
      "229": { "start": { "line": 230, "column": 0 }, "end": { "line": 230, "column": 1 } },
      "232": { "start": { "line": 233, "column": 0 }, "end": { "line": 233, "column": 44 } },
      "233": { "start": { "line": 234, "column": 0 }, "end": { "line": 234, "column": 61 } },
      "234": { "start": { "line": 235, "column": 0 }, "end": { "line": 235, "column": 68 } },
      "236": { "start": { "line": 237, "column": 0 }, "end": { "line": 237, "column": 5 } },
      "238": { "start": { "line": 239, "column": 0 }, "end": { "line": 239, "column": 58 } },
      "239": { "start": { "line": 240, "column": 0 }, "end": { "line": 240, "column": 52 } },
      "241": { "start": { "line": 242, "column": 0 }, "end": { "line": 242, "column": 5 } },
      "242": { "start": { "line": 243, "column": 0 }, "end": { "line": 243, "column": 3 } }
    },
    "s": {
      "0": 0,
      "5": 0,
      "7": 0,
      "8": 0,
      "10": 0,
      "11": 0,
      "13": 0,
      "15": 0,
      "18": 0,
      "21": 0,
      "24": 0,
      "25": 0,
      "26": 0,
      "30": 0,
      "31": 0,
      "32": 0,
      "34": 0,
      "35": 0,
      "39": 0,
      "42": 0,
      "43": 0,
      "46": 0,
      "47": 0,
      "48": 0,
      "49": 0,
      "50": 0,
      "51": 0,
      "52": 0,
      "54": 0,
      "56": 0,
      "58": 0,
      "59": 0,
      "60": 0,
      "62": 0,
      "63": 0,
      "66": 0,
      "67": 0,
      "69": 0,
      "70": 0,
      "72": 0,
      "74": 0,
      "77": 0,
      "78": 0,
      "81": 0,
      "82": 0,
      "83": 0,
      "85": 0,
      "86": 0,
      "87": 0,
      "90": 0,
      "91": 0,
      "94": 0,
      "95": 0,
      "96": 0,
      "97": 0,
      "98": 0,
      "100": 0,
      "102": 0,
      "104": 0,
      "105": 0,
      "106": 0,
      "107": 0,
      "110": 0,
      "113": 0,
      "114": 0,
      "115": 0,
      "117": 0,
      "118": 0,
      "119": 0,
      "122": 0,
      "125": 0,
      "126": 0,
      "127": 0,
      "129": 0,
      "130": 0,
      "132": 0,
      "135": 0,
      "137": 0,
      "140": 0,
      "143": 0,
      "144": 0,
      "145": 0,
      "147": 0,
      "149": 0,
      "152": 0,
      "153": 0,
      "154": 0,
      "156": 0,
      "157": 0,
      "158": 0,
      "160": 0,
      "163": 0,
      "164": 0,
      "165": 0,
      "168": 0,
      "169": 0,
      "172": 0,
      "174": 0,
      "175": 0,
      "176": 0,
      "177": 0,
      "179": 0,
      "180": 0,
      "181": 0,
      "182": 0,
      "184": 0,
      "186": 0,
      "189": 0,
      "190": 0,
      "191": 0,
      "192": 0,
      "194": 0,
      "197": 0,
      "198": 0,
      "199": 0,
      "201": 0,
      "202": 0,
      "203": 0,
      "208": 0,
      "209": 0,
      "210": 0,
      "211": 0,
      "212": 0,
      "213": 0,
      "214": 0,
      "215": 0,
      "216": 0,
      "221": 0,
      "222": 0,
      "223": 0,
      "224": 0,
      "225": 0,
      "226": 0,
      "227": 0,
      "228": 0,
      "229": 0,
      "232": 0,
      "233": 0,
      "234": 0,
      "236": 0,
      "238": 0,
      "239": 0,
      "241": 0,
      "242": 0
    },
    "branchMap": {
      "0": {
        "type": "branch",
        "line": 1,
        "loc": { "start": { "line": 1, "column": 7920 }, "end": { "line": 243, "column": 3 } },
        "locations": [
          { "start": { "line": 1, "column": 7920 }, "end": { "line": 243, "column": 3 } }
        ]
      }
    },
    "b": { "0": [0] },
    "fnMap": {
      "0": {
        "name": "(empty-report)",
        "decl": { "start": { "line": 1, "column": 7920 }, "end": { "line": 243, "column": 3 } },
        "loc": { "start": { "line": 1, "column": 7920 }, "end": { "line": 243, "column": 3 } },
        "line": 1
      }
    },
    "f": { "0": 0 }
  }
}
